{"C:\\Users\\Yogesh.P\\Documents\\Typescript_Project\\erp\\src\\server.ts": {"path":"C:\\Users\\Yogesh.P\\Documents\\Typescript_Project\\erp\\src\\server.ts","statementMap":{"0":{"start":{"line":1,"column":0},"end":{"line":1,"column":61}},"1":{"start":{"line":2,"column":0},"end":{"line":2,"column":44}},"2":{"start":{"line":4,"column":26},"end":{"line":4,"column":35}},"3":{"start":{"line":6,"column":5},"end":{"line":6,"column":29}},"4":{"start":{"line":8,"column":5},"end":{"line":8,"column":30}},"5":{"start":{"line":9,"column":5},"end":{"line":9,"column":16}},"6":{"start":{"line":13,"column":0},"end":{"line":13,"column":28}}},"fnMap":{"0":{"name":"createServer","decl":{"start":{"line":3,"column":9},"end":{"line":3,"column":21}},"loc":{"start":{"line":3,"column":21},"end":{"line":10,"column":1}}}},"branchMap":{},"s":{"0":3,"1":3,"2":15,"3":15,"4":15,"5":15,"6":3},"f":{"0":15},"b":{}}
,"C:\\Users\\Yogesh.P\\Documents\\Typescript_Project\\erp\\src\\__tests__\\empDataTests\\createEmp.ts": {"path":"C:\\Users\\Yogesh.P\\Documents\\Typescript_Project\\erp\\src\\__tests__\\empDataTests\\createEmp.ts","statementMap":{"0":{"start":{"line":1,"column":0},"end":{"line":1,"column":34}},"1":{"start":{"line":2,"column":0},"end":{"line":2,"column":40}},"2":{"start":{"line":3,"column":12},"end":{"line":3,"column":26}},"3":{"start":{"line":6,"column":4},"end":{"line":31,"column":7}},"4":{"start":{"line":7,"column":8},"end":{"line":30,"column":11}},"5":{"start":{"line":8,"column":12},"end":{"line":29,"column":null}},"6":{"start":{"line":9,"column":16},"end":{"line":28,"column":null}},"7":{"start":{"line":9,"column":52},"end":{"line":28,"column":18}},"8":{"start":{"line":10,"column":32},"end":{"line":23,"column":null}},"9":{"start":{"line":25,"column":48},"end":{"line":25,"column":93}},"10":{"start":{"line":27,"column":20},"end":{"line":27,"column":49}},"11":{"start":{"line":33,"column":4},"end":{"line":40,"column":7}},"12":{"start":{"line":34,"column":8},"end":{"line":39,"column":11}},"13":{"start":{"line":34,"column":44},"end":{"line":39,"column":10}},"14":{"start":{"line":35,"column":24},"end":{"line":35,"column":26}},"15":{"start":{"line":36,"column":40},"end":{"line":36,"column":85}},"16":{"start":{"line":38,"column":12},"end":{"line":38,"column":41}},"17":{"start":{"line":42,"column":4},"end":{"line":51,"column":7}},"18":{"start":{"line":43,"column":8},"end":{"line":50,"column":11}},"19":{"start":{"line":43,"column":42},"end":{"line":50,"column":10}},"20":{"start":{"line":44,"column":24},"end":{"line":46,"column":null}},"21":{"start":{"line":47,"column":40},"end":{"line":47,"column":85}},"22":{"start":{"line":49,"column":12},"end":{"line":49,"column":41}},"23":{"start":{"line":53,"column":4},"end":{"line":72,"column":7}},"24":{"start":{"line":54,"column":8},"end":{"line":71,"column":11}},"25":{"start":{"line":54,"column":42},"end":{"line":71,"column":10}},"26":{"start":{"line":55,"column":24},"end":{"line":67,"column":null}},"27":{"start":{"line":68,"column":40},"end":{"line":68,"column":85}},"28":{"start":{"line":70,"column":12},"end":{"line":70,"column":41}},"29":{"start":{"line":74,"column":4},"end":{"line":83,"column":7}},"30":{"start":{"line":75,"column":8},"end":{"line":82,"column":11}},"31":{"start":{"line":75,"column":44},"end":{"line":82,"column":10}},"32":{"start":{"line":76,"column":24},"end":{"line":78,"column":14}},"33":{"start":{"line":79,"column":40},"end":{"line":79,"column":85}},"34":{"start":{"line":81,"column":12},"end":{"line":81,"column":41}},"35":{"start":{"line":85,"column":4},"end":{"line":104,"column":7}},"36":{"start":{"line":86,"column":8},"end":{"line":103,"column":11}},"37":{"start":{"line":86,"column":44},"end":{"line":103,"column":10}},"38":{"start":{"line":87,"column":24},"end":{"line":99,"column":null}},"39":{"start":{"line":100,"column":40},"end":{"line":100,"column":85}},"40":{"start":{"line":102,"column":12},"end":{"line":102,"column":41}},"41":{"start":{"line":106,"column":4},"end":{"line":126,"column":7}},"42":{"start":{"line":107,"column":8},"end":{"line":125,"column":11}},"43":{"start":{"line":107,"column":44},"end":{"line":125,"column":10}},"44":{"start":{"line":108,"column":24},"end":{"line":121,"column":null}},"45":{"start":{"line":122,"column":40},"end":{"line":122,"column":85}},"46":{"start":{"line":124,"column":12},"end":{"line":124,"column":41}},"47":{"start":{"line":128,"column":4},"end":{"line":147,"column":7}},"48":{"start":{"line":129,"column":8},"end":{"line":146,"column":11}},"49":{"start":{"line":129,"column":44},"end":{"line":146,"column":10}},"50":{"start":{"line":130,"column":24},"end":{"line":142,"column":null}},"51":{"start":{"line":143,"column":40},"end":{"line":143,"column":85}},"52":{"start":{"line":145,"column":12},"end":{"line":145,"column":41}},"53":{"start":{"line":149,"column":4},"end":{"line":163,"column":7}},"54":{"start":{"line":150,"column":8},"end":{"line":162,"column":11}},"55":{"start":{"line":150,"column":44},"end":{"line":162,"column":10}},"56":{"start":{"line":151,"column":24},"end":{"line":158,"column":null}},"57":{"start":{"line":159,"column":40},"end":{"line":159,"column":85}},"58":{"start":{"line":161,"column":12},"end":{"line":161,"column":41}},"59":{"start":{"line":165,"column":4},"end":{"line":180,"column":7}},"60":{"start":{"line":166,"column":8},"end":{"line":179,"column":11}},"61":{"start":{"line":166,"column":44},"end":{"line":179,"column":10}},"62":{"start":{"line":167,"column":24},"end":{"line":175,"column":null}},"63":{"start":{"line":176,"column":40},"end":{"line":176,"column":85}},"64":{"start":{"line":178,"column":12},"end":{"line":178,"column":41}},"65":{"start":{"line":182,"column":4},"end":{"line":201,"column":7}},"66":{"start":{"line":183,"column":8},"end":{"line":200,"column":11}},"67":{"start":{"line":183,"column":44},"end":{"line":200,"column":10}},"68":{"start":{"line":184,"column":24},"end":{"line":196,"column":null}},"69":{"start":{"line":197,"column":40},"end":{"line":197,"column":85}},"70":{"start":{"line":199,"column":12},"end":{"line":199,"column":41}},"71":{"start":{"line":203,"column":4},"end":{"line":222,"column":7}},"72":{"start":{"line":204,"column":8},"end":{"line":221,"column":11}},"73":{"start":{"line":204,"column":44},"end":{"line":221,"column":10}},"74":{"start":{"line":205,"column":24},"end":{"line":217,"column":null}},"75":{"start":{"line":218,"column":40},"end":{"line":218,"column":85}},"76":{"start":{"line":220,"column":12},"end":{"line":220,"column":41}},"77":{"start":{"line":224,"column":4},"end":{"line":243,"column":7}},"78":{"start":{"line":225,"column":8},"end":{"line":242,"column":11}},"79":{"start":{"line":225,"column":44},"end":{"line":242,"column":10}},"80":{"start":{"line":226,"column":24},"end":{"line":238,"column":null}},"81":{"start":{"line":239,"column":40},"end":{"line":239,"column":85}},"82":{"start":{"line":241,"column":12},"end":{"line":241,"column":41}},"83":{"start":{"line":245,"column":4},"end":{"line":264,"column":7}},"84":{"start":{"line":246,"column":8},"end":{"line":263,"column":11}},"85":{"start":{"line":246,"column":44},"end":{"line":263,"column":10}},"86":{"start":{"line":247,"column":24},"end":{"line":259,"column":null}},"87":{"start":{"line":260,"column":40},"end":{"line":260,"column":85}},"88":{"start":{"line":262,"column":12},"end":{"line":262,"column":41}},"89":{"start":{"line":266,"column":4},"end":{"line":285,"column":7}},"90":{"start":{"line":267,"column":8},"end":{"line":284,"column":11}},"91":{"start":{"line":267,"column":44},"end":{"line":284,"column":10}},"92":{"start":{"line":268,"column":24},"end":{"line":280,"column":null}},"93":{"start":{"line":281,"column":40},"end":{"line":281,"column":85}},"94":{"start":{"line":283,"column":12},"end":{"line":283,"column":41}},"95":{"start":{"line":5,"column":0},"end":{"line":5,"column":16}}},"fnMap":{"0":{"name":"createEmpTest","decl":{"start":{"line":5,"column":16},"end":{"line":5,"column":29}},"loc":{"start":{"line":5,"column":29},"end":{"line":287,"column":1}}},"1":{"name":"(anonymous_9)","decl":{"start":{"line":6,"column":25},"end":{"line":6,"column":27}},"loc":{"start":{"line":6,"column":29},"end":{"line":31,"column":5}}},"2":{"name":"(anonymous_10)","decl":{"start":{"line":7,"column":40},"end":{"line":7,"column":42}},"loc":{"start":{"line":7,"column":44},"end":{"line":30,"column":9}}},"3":{"name":"(anonymous_11)","decl":{"start":{"line":8,"column":68},"end":{"line":8,"column":70}},"loc":{"start":{"line":8,"column":72},"end":{"line":29,"column":13}}},"4":{"name":"(anonymous_12)","decl":{"start":{"line":9,"column":42},"end":{"line":9,"column":50}},"loc":{"start":{"line":9,"column":52},"end":{"line":28,"column":18}}},"5":{"name":"(anonymous_13)","decl":{"start":{"line":9,"column":52},"end":{"line":9,"column":null}},"loc":{"start":{"line":9,"column":52},"end":{"line":28,"column":17}}},"6":{"name":"(anonymous_14)","decl":{"start":{"line":33,"column":45},"end":{"line":33,"column":47}},"loc":{"start":{"line":33,"column":49},"end":{"line":40,"column":5}}},"7":{"name":"(anonymous_15)","decl":{"start":{"line":34,"column":34},"end":{"line":34,"column":42}},"loc":{"start":{"line":34,"column":44},"end":{"line":39,"column":10}}},"8":{"name":"(anonymous_16)","decl":{"start":{"line":34,"column":44},"end":{"line":34,"column":null}},"loc":{"start":{"line":34,"column":44},"end":{"line":39,"column":9}}},"9":{"name":"(anonymous_17)","decl":{"start":{"line":42,"column":40},"end":{"line":42,"column":42}},"loc":{"start":{"line":42,"column":44},"end":{"line":51,"column":5}}},"10":{"name":"(anonymous_18)","decl":{"start":{"line":43,"column":32},"end":{"line":43,"column":40}},"loc":{"start":{"line":43,"column":42},"end":{"line":50,"column":10}}},"11":{"name":"(anonymous_19)","decl":{"start":{"line":43,"column":42},"end":{"line":43,"column":null}},"loc":{"start":{"line":43,"column":42},"end":{"line":50,"column":9}}},"12":{"name":"(anonymous_20)","decl":{"start":{"line":53,"column":39},"end":{"line":53,"column":41}},"loc":{"start":{"line":53,"column":43},"end":{"line":72,"column":5}}},"13":{"name":"(anonymous_21)","decl":{"start":{"line":54,"column":32},"end":{"line":54,"column":40}},"loc":{"start":{"line":54,"column":42},"end":{"line":71,"column":10}}},"14":{"name":"(anonymous_22)","decl":{"start":{"line":54,"column":42},"end":{"line":54,"column":null}},"loc":{"start":{"line":54,"column":42},"end":{"line":71,"column":9}}},"15":{"name":"(anonymous_23)","decl":{"start":{"line":74,"column":44},"end":{"line":74,"column":46}},"loc":{"start":{"line":74,"column":48},"end":{"line":83,"column":5}}},"16":{"name":"(anonymous_24)","decl":{"start":{"line":75,"column":34},"end":{"line":75,"column":42}},"loc":{"start":{"line":75,"column":44},"end":{"line":82,"column":10}}},"17":{"name":"(anonymous_25)","decl":{"start":{"line":75,"column":44},"end":{"line":75,"column":null}},"loc":{"start":{"line":75,"column":44},"end":{"line":82,"column":9}}},"18":{"name":"(anonymous_26)","decl":{"start":{"line":85,"column":41},"end":{"line":85,"column":43}},"loc":{"start":{"line":85,"column":45},"end":{"line":104,"column":5}}},"19":{"name":"(anonymous_27)","decl":{"start":{"line":86,"column":34},"end":{"line":86,"column":42}},"loc":{"start":{"line":86,"column":44},"end":{"line":103,"column":10}}},"20":{"name":"(anonymous_28)","decl":{"start":{"line":86,"column":44},"end":{"line":86,"column":null}},"loc":{"start":{"line":86,"column":44},"end":{"line":103,"column":9}}},"21":{"name":"(anonymous_29)","decl":{"start":{"line":106,"column":46},"end":{"line":106,"column":48}},"loc":{"start":{"line":106,"column":50},"end":{"line":126,"column":5}}},"22":{"name":"(anonymous_30)","decl":{"start":{"line":107,"column":34},"end":{"line":107,"column":42}},"loc":{"start":{"line":107,"column":44},"end":{"line":125,"column":10}}},"23":{"name":"(anonymous_31)","decl":{"start":{"line":107,"column":44},"end":{"line":107,"column":null}},"loc":{"start":{"line":107,"column":44},"end":{"line":125,"column":9}}},"24":{"name":"(anonymous_32)","decl":{"start":{"line":128,"column":40},"end":{"line":128,"column":42}},"loc":{"start":{"line":128,"column":44},"end":{"line":147,"column":5}}},"25":{"name":"(anonymous_33)","decl":{"start":{"line":129,"column":34},"end":{"line":129,"column":42}},"loc":{"start":{"line":129,"column":44},"end":{"line":146,"column":10}}},"26":{"name":"(anonymous_34)","decl":{"start":{"line":129,"column":44},"end":{"line":129,"column":null}},"loc":{"start":{"line":129,"column":44},"end":{"line":146,"column":9}}},"27":{"name":"(anonymous_35)","decl":{"start":{"line":149,"column":44},"end":{"line":149,"column":46}},"loc":{"start":{"line":149,"column":48},"end":{"line":163,"column":5}}},"28":{"name":"(anonymous_36)","decl":{"start":{"line":150,"column":34},"end":{"line":150,"column":42}},"loc":{"start":{"line":150,"column":44},"end":{"line":162,"column":10}}},"29":{"name":"(anonymous_37)","decl":{"start":{"line":150,"column":44},"end":{"line":150,"column":null}},"loc":{"start":{"line":150,"column":44},"end":{"line":162,"column":9}}},"30":{"name":"(anonymous_38)","decl":{"start":{"line":165,"column":44},"end":{"line":165,"column":46}},"loc":{"start":{"line":165,"column":48},"end":{"line":180,"column":5}}},"31":{"name":"(anonymous_39)","decl":{"start":{"line":166,"column":34},"end":{"line":166,"column":42}},"loc":{"start":{"line":166,"column":44},"end":{"line":179,"column":10}}},"32":{"name":"(anonymous_40)","decl":{"start":{"line":166,"column":44},"end":{"line":166,"column":null}},"loc":{"start":{"line":166,"column":44},"end":{"line":179,"column":9}}},"33":{"name":"(anonymous_41)","decl":{"start":{"line":182,"column":40},"end":{"line":182,"column":42}},"loc":{"start":{"line":182,"column":44},"end":{"line":201,"column":5}}},"34":{"name":"(anonymous_42)","decl":{"start":{"line":183,"column":34},"end":{"line":183,"column":42}},"loc":{"start":{"line":183,"column":44},"end":{"line":200,"column":10}}},"35":{"name":"(anonymous_43)","decl":{"start":{"line":183,"column":44},"end":{"line":183,"column":null}},"loc":{"start":{"line":183,"column":44},"end":{"line":200,"column":9}}},"36":{"name":"(anonymous_44)","decl":{"start":{"line":203,"column":42},"end":{"line":203,"column":44}},"loc":{"start":{"line":203,"column":46},"end":{"line":222,"column":5}}},"37":{"name":"(anonymous_45)","decl":{"start":{"line":204,"column":34},"end":{"line":204,"column":42}},"loc":{"start":{"line":204,"column":44},"end":{"line":221,"column":10}}},"38":{"name":"(anonymous_46)","decl":{"start":{"line":204,"column":44},"end":{"line":204,"column":null}},"loc":{"start":{"line":204,"column":44},"end":{"line":221,"column":9}}},"39":{"name":"(anonymous_47)","decl":{"start":{"line":224,"column":47},"end":{"line":224,"column":49}},"loc":{"start":{"line":224,"column":51},"end":{"line":243,"column":5}}},"40":{"name":"(anonymous_48)","decl":{"start":{"line":225,"column":34},"end":{"line":225,"column":42}},"loc":{"start":{"line":225,"column":44},"end":{"line":242,"column":10}}},"41":{"name":"(anonymous_49)","decl":{"start":{"line":225,"column":44},"end":{"line":225,"column":null}},"loc":{"start":{"line":225,"column":44},"end":{"line":242,"column":9}}},"42":{"name":"(anonymous_50)","decl":{"start":{"line":245,"column":47},"end":{"line":245,"column":49}},"loc":{"start":{"line":245,"column":51},"end":{"line":264,"column":5}}},"43":{"name":"(anonymous_51)","decl":{"start":{"line":246,"column":34},"end":{"line":246,"column":42}},"loc":{"start":{"line":246,"column":44},"end":{"line":263,"column":10}}},"44":{"name":"(anonymous_52)","decl":{"start":{"line":246,"column":44},"end":{"line":246,"column":null}},"loc":{"start":{"line":246,"column":44},"end":{"line":263,"column":9}}},"45":{"name":"(anonymous_53)","decl":{"start":{"line":266,"column":47},"end":{"line":266,"column":49}},"loc":{"start":{"line":266,"column":51},"end":{"line":285,"column":5}}},"46":{"name":"(anonymous_54)","decl":{"start":{"line":267,"column":34},"end":{"line":267,"column":42}},"loc":{"start":{"line":267,"column":44},"end":{"line":284,"column":10}}},"47":{"name":"(anonymous_55)","decl":{"start":{"line":267,"column":44},"end":{"line":267,"column":null}},"loc":{"start":{"line":267,"column":44},"end":{"line":284,"column":9}}}},"branchMap":{},"s":{"0":1,"1":1,"2":1,"3":1,"4":1,"5":1,"6":1,"7":1,"8":1,"9":1,"10":1,"11":1,"12":1,"13":1,"14":1,"15":1,"16":1,"17":1,"18":1,"19":1,"20":1,"21":1,"22":1,"23":1,"24":1,"25":1,"26":1,"27":1,"28":1,"29":1,"30":1,"31":1,"32":1,"33":1,"34":1,"35":1,"36":1,"37":1,"38":1,"39":1,"40":1,"41":1,"42":1,"43":1,"44":1,"45":1,"46":1,"47":1,"48":1,"49":1,"50":1,"51":1,"52":1,"53":1,"54":1,"55":1,"56":1,"57":1,"58":1,"59":1,"60":1,"61":1,"62":1,"63":1,"64":1,"65":1,"66":1,"67":1,"68":1,"69":1,"70":1,"71":1,"72":1,"73":1,"74":1,"75":1,"76":1,"77":1,"78":1,"79":1,"80":1,"81":1,"82":1,"83":1,"84":1,"85":1,"86":1,"87":1,"88":1,"89":1,"90":1,"91":1,"92":1,"93":1,"94":1,"95":1},"f":{"0":1,"1":1,"2":1,"3":1,"4":1,"5":1,"6":1,"7":1,"8":1,"9":1,"10":1,"11":1,"12":1,"13":1,"14":1,"15":1,"16":1,"17":1,"18":1,"19":1,"20":1,"21":1,"22":1,"23":1,"24":1,"25":1,"26":1,"27":1,"28":1,"29":1,"30":1,"31":1,"32":1,"33":1,"34":1,"35":1,"36":1,"37":1,"38":1,"39":1,"40":1,"41":1,"42":1,"43":1,"44":1,"45":1,"46":1,"47":1},"b":{}}
,"C:\\Users\\Yogesh.P\\Documents\\Typescript_Project\\erp\\src\\__tests__\\empDataTests\\deleteEmp.ts": {"path":"C:\\Users\\Yogesh.P\\Documents\\Typescript_Project\\erp\\src\\__tests__\\empDataTests\\deleteEmp.ts","statementMap":{"0":{"start":{"line":1,"column":0},"end":{"line":1,"column":34}},"1":{"start":{"line":2,"column":0},"end":{"line":2,"column":40}},"2":{"start":{"line":3,"column":12},"end":{"line":3,"column":26}},"3":{"start":{"line":6,"column":4},"end":{"line":17,"column":7}},"4":{"start":{"line":7,"column":8},"end":{"line":16,"column":11}},"5":{"start":{"line":8,"column":12},"end":{"line":15,"column":15}},"6":{"start":{"line":9,"column":16},"end":{"line":14,"column":19}},"7":{"start":{"line":9,"column":52},"end":{"line":14,"column":18}},"8":{"start":{"line":10,"column":34},"end":{"line":10,"column":38}},"9":{"start":{"line":12,"column":48},"end":{"line":12,"column":93}},"10":{"start":{"line":13,"column":20},"end":{"line":13,"column":49}},"11":{"start":{"line":19,"column":4},"end":{"line":25,"column":7}},"12":{"start":{"line":20,"column":8},"end":{"line":24,"column":11}},"13":{"start":{"line":20,"column":44},"end":{"line":24,"column":10}},"14":{"start":{"line":21,"column":27},"end":{"line":21,"column":35}},"15":{"start":{"line":23,"column":38},"end":{"line":23,"column":96}},"16":{"start":{"line":5,"column":0},"end":{"line":5,"column":16}}},"fnMap":{"0":{"name":"deleteEmpTest","decl":{"start":{"line":5,"column":16},"end":{"line":5,"column":29}},"loc":{"start":{"line":5,"column":29},"end":{"line":26,"column":1}}},"1":{"name":"(anonymous_9)","decl":{"start":{"line":6,"column":25},"end":{"line":6,"column":27}},"loc":{"start":{"line":6,"column":29},"end":{"line":17,"column":5}}},"2":{"name":"(anonymous_10)","decl":{"start":{"line":7,"column":42},"end":{"line":7,"column":44}},"loc":{"start":{"line":7,"column":46},"end":{"line":16,"column":9}}},"3":{"name":"(anonymous_11)","decl":{"start":{"line":8,"column":69},"end":{"line":8,"column":71}},"loc":{"start":{"line":8,"column":73},"end":{"line":15,"column":13}}},"4":{"name":"(anonymous_12)","decl":{"start":{"line":9,"column":42},"end":{"line":9,"column":50}},"loc":{"start":{"line":9,"column":52},"end":{"line":14,"column":18}}},"5":{"name":"(anonymous_13)","decl":{"start":{"line":9,"column":52},"end":{"line":9,"column":null}},"loc":{"start":{"line":9,"column":52},"end":{"line":14,"column":17}}},"6":{"name":"(anonymous_14)","decl":{"start":{"line":19,"column":44},"end":{"line":19,"column":46}},"loc":{"start":{"line":19,"column":48},"end":{"line":25,"column":5}}},"7":{"name":"(anonymous_15)","decl":{"start":{"line":20,"column":34},"end":{"line":20,"column":42}},"loc":{"start":{"line":20,"column":44},"end":{"line":24,"column":10}}},"8":{"name":"(anonymous_16)","decl":{"start":{"line":20,"column":44},"end":{"line":20,"column":null}},"loc":{"start":{"line":20,"column":44},"end":{"line":24,"column":9}}}},"branchMap":{},"s":{"0":1,"1":1,"2":1,"3":1,"4":1,"5":1,"6":1,"7":1,"8":1,"9":1,"10":1,"11":1,"12":1,"13":1,"14":1,"15":1,"16":1},"f":{"0":1,"1":1,"2":1,"3":1,"4":1,"5":1,"6":1,"7":1,"8":1},"b":{}}
,"C:\\Users\\Yogesh.P\\Documents\\Typescript_Project\\erp\\src\\__tests__\\empDataTests\\readAllEmp.ts": {"path":"C:\\Users\\Yogesh.P\\Documents\\Typescript_Project\\erp\\src\\__tests__\\empDataTests\\readAllEmp.ts","statementMap":{"0":{"start":{"line":1,"column":0},"end":{"line":1,"column":34}},"1":{"start":{"line":2,"column":0},"end":{"line":2,"column":40}},"2":{"start":{"line":3,"column":0},"end":{"line":3,"column":50}},"3":{"start":{"line":4,"column":12},"end":{"line":4,"column":26}},"4":{"start":{"line":8,"column":4},"end":{"line":16,"column":7}},"5":{"start":{"line":9,"column":8},"end":{"line":15,"column":11}},"6":{"start":{"line":10,"column":12},"end":{"line":14,"column":15}},"7":{"start":{"line":10,"column":60},"end":{"line":14,"column":14}},"8":{"start":{"line":11,"column":32},"end":{"line":11,"column":40}},"9":{"start":{"line":12,"column":43},"end":{"line":12,"column":89}},"10":{"start":{"line":13,"column":16},"end":{"line":13,"column":54}},"11":{"start":{"line":7,"column":0},"end":{"line":7,"column":16}}},"fnMap":{"0":{"name":"readAllEmpTest","decl":{"start":{"line":7,"column":16},"end":{"line":7,"column":30}},"loc":{"start":{"line":7,"column":30},"end":{"line":17,"column":1}}},"1":{"name":"(anonymous_9)","decl":{"start":{"line":8,"column":25},"end":{"line":8,"column":27}},"loc":{"start":{"line":8,"column":29},"end":{"line":16,"column":5}}},"2":{"name":"(anonymous_10)","decl":{"start":{"line":9,"column":43},"end":{"line":9,"column":45}},"loc":{"start":{"line":9,"column":47},"end":{"line":15,"column":9}}},"3":{"name":"(anonymous_11)","decl":{"start":{"line":10,"column":50},"end":{"line":10,"column":58}},"loc":{"start":{"line":10,"column":60},"end":{"line":14,"column":14}}},"4":{"name":"(anonymous_12)","decl":{"start":{"line":10,"column":60},"end":{"line":10,"column":null}},"loc":{"start":{"line":10,"column":60},"end":{"line":14,"column":13}}}},"branchMap":{},"s":{"0":1,"1":1,"2":1,"3":1,"4":1,"5":1,"6":1,"7":1,"8":1,"9":1,"10":1,"11":1},"f":{"0":1,"1":1,"2":1,"3":1,"4":1},"b":{}}
,"C:\\Users\\Yogesh.P\\Documents\\Typescript_Project\\erp\\src\\__tests__\\empDataTests\\readEmp.ts": {"path":"C:\\Users\\Yogesh.P\\Documents\\Typescript_Project\\erp\\src\\__tests__\\empDataTests\\readEmp.ts","statementMap":{"0":{"start":{"line":1,"column":0},"end":{"line":1,"column":34}},"1":{"start":{"line":2,"column":0},"end":{"line":2,"column":40}},"2":{"start":{"line":3,"column":12},"end":{"line":3,"column":26}},"3":{"start":{"line":6,"column":4},"end":{"line":30,"column":7}},"4":{"start":{"line":7,"column":8},"end":{"line":29,"column":11}},"5":{"start":{"line":8,"column":12},"end":{"line":28,"column":15}},"6":{"start":{"line":9,"column":16},"end":{"line":27,"column":19}},"7":{"start":{"line":9,"column":51},"end":{"line":27,"column":18}},"8":{"start":{"line":11,"column":34},"end":{"line":23,"column":null}},"9":{"start":{"line":25,"column":48},"end":{"line":25,"column":107}},"10":{"start":{"line":26,"column":20},"end":{"line":26,"column":52}},"11":{"start":{"line":32,"column":4},"end":{"line":38,"column":7}},"12":{"start":{"line":33,"column":8},"end":{"line":37,"column":11}},"13":{"start":{"line":33,"column":44},"end":{"line":37,"column":10}},"14":{"start":{"line":34,"column":27},"end":{"line":34,"column":35}},"15":{"start":{"line":36,"column":38},"end":{"line":36,"column":93}},"16":{"start":{"line":5,"column":0},"end":{"line":5,"column":16}}},"fnMap":{"0":{"name":"readEmpTest","decl":{"start":{"line":5,"column":16},"end":{"line":5,"column":27}},"loc":{"start":{"line":5,"column":27},"end":{"line":39,"column":1}}},"1":{"name":"(anonymous_9)","decl":{"start":{"line":6,"column":25},"end":{"line":6,"column":27}},"loc":{"start":{"line":6,"column":29},"end":{"line":30,"column":5}}},"2":{"name":"(anonymous_10)","decl":{"start":{"line":7,"column":38},"end":{"line":7,"column":40}},"loc":{"start":{"line":7,"column":42},"end":{"line":29,"column":9}}},"3":{"name":"(anonymous_11)","decl":{"start":{"line":8,"column":54},"end":{"line":8,"column":56}},"loc":{"start":{"line":8,"column":58},"end":{"line":28,"column":13}}},"4":{"name":"(anonymous_12)","decl":{"start":{"line":9,"column":41},"end":{"line":9,"column":49}},"loc":{"start":{"line":9,"column":51},"end":{"line":27,"column":18}}},"5":{"name":"(anonymous_13)","decl":{"start":{"line":9,"column":51},"end":{"line":9,"column":null}},"loc":{"start":{"line":9,"column":51},"end":{"line":27,"column":17}}},"6":{"name":"(anonymous_14)","decl":{"start":{"line":32,"column":44},"end":{"line":32,"column":46}},"loc":{"start":{"line":32,"column":48},"end":{"line":38,"column":5}}},"7":{"name":"(anonymous_15)","decl":{"start":{"line":33,"column":34},"end":{"line":33,"column":42}},"loc":{"start":{"line":33,"column":44},"end":{"line":37,"column":10}}},"8":{"name":"(anonymous_16)","decl":{"start":{"line":33,"column":44},"end":{"line":33,"column":null}},"loc":{"start":{"line":33,"column":44},"end":{"line":37,"column":9}}}},"branchMap":{},"s":{"0":1,"1":1,"2":1,"3":1,"4":1,"5":1,"6":1,"7":1,"8":1,"9":1,"10":1,"11":1,"12":1,"13":1,"14":1,"15":1,"16":1},"f":{"0":1,"1":1,"2":1,"3":1,"4":1,"5":1,"6":1,"7":1,"8":1},"b":{}}
,"C:\\Users\\Yogesh.P\\Documents\\Typescript_Project\\erp\\src\\__tests__\\empDataTests\\updateEmp.ts": {"path":"C:\\Users\\Yogesh.P\\Documents\\Typescript_Project\\erp\\src\\__tests__\\empDataTests\\updateEmp.ts","statementMap":{"0":{"start":{"line":1,"column":0},"end":{"line":1,"column":34}},"1":{"start":{"line":2,"column":0},"end":{"line":2,"column":40}},"2":{"start":{"line":3,"column":12},"end":{"line":3,"column":26}},"3":{"start":{"line":6,"column":2},"end":{"line":25,"column":3}},"4":{"start":{"line":7,"column":4},"end":{"line":24,"column":7}},"5":{"start":{"line":8,"column":8},"end":{"line":23,"column":11}},"6":{"start":{"line":9,"column":12},"end":{"line":22,"column":15}},"7":{"start":{"line":9,"column":48},"end":{"line":22,"column":14}},"8":{"start":{"line":10,"column":30},"end":{"line":10,"column":34}},"9":{"start":{"line":11,"column":27},"end":{"line":18,"column":null}},"10":{"start":{"line":20,"column":44},"end":{"line":20,"column":98}},"11":{"start":{"line":21,"column":16},"end":{"line":21,"column":45}},"12":{"start":{"line":27,"column":0},"end":{"line":36,"column":3}},"13":{"start":{"line":28,"column":2},"end":{"line":35,"column":null}},"14":{"start":{"line":28,"column":37},"end":{"line":35,"column":4}},"15":{"start":{"line":29,"column":18},"end":{"line":29,"column":22}},"16":{"start":{"line":30,"column":15},"end":{"line":30,"column":17}},"17":{"start":{"line":32,"column":30},"end":{"line":32,"column":84}},"18":{"start":{"line":34,"column":3},"end":{"line":34,"column":32}},"19":{"start":{"line":38,"column":0},"end":{"line":47,"column":3}},"20":{"start":{"line":39,"column":6},"end":{"line":46,"column":null}},"21":{"start":{"line":39,"column":41},"end":{"line":46,"column":8}},"22":{"start":{"line":40,"column":22},"end":{"line":40,"column":26}},"23":{"start":{"line":41,"column":19},"end":{"line":41,"column":21}},"24":{"start":{"line":43,"column":34},"end":{"line":43,"column":88}},"25":{"start":{"line":45,"column":7},"end":{"line":45,"column":36}},"26":{"start":{"line":49,"column":0},"end":{"line":60,"column":3}},"27":{"start":{"line":50,"column":6},"end":{"line":59,"column":null}},"28":{"start":{"line":50,"column":41},"end":{"line":59,"column":8}},"29":{"start":{"line":51,"column":22},"end":{"line":51,"column":26}},"30":{"start":{"line":52,"column":19},"end":{"line":54,"column":12}},"31":{"start":{"line":56,"column":33},"end":{"line":56,"column":87}},"32":{"start":{"line":58,"column":6},"end":{"line":58,"column":35}},"33":{"start":{"line":62,"column":0},"end":{"line":73,"column":3}},"34":{"start":{"line":63,"column":2},"end":{"line":72,"column":null}},"35":{"start":{"line":63,"column":37},"end":{"line":72,"column":4}},"36":{"start":{"line":64,"column":18},"end":{"line":64,"column":22}},"37":{"start":{"line":65,"column":15},"end":{"line":67,"column":8}},"38":{"start":{"line":69,"column":29},"end":{"line":69,"column":83}},"39":{"start":{"line":71,"column":2},"end":{"line":71,"column":31}},"40":{"start":{"line":75,"column":0},"end":{"line":86,"column":3}},"41":{"start":{"line":76,"column":2},"end":{"line":85,"column":null}},"42":{"start":{"line":76,"column":37},"end":{"line":85,"column":4}},"43":{"start":{"line":77,"column":18},"end":{"line":77,"column":22}},"44":{"start":{"line":78,"column":15},"end":{"line":80,"column":8}},"45":{"start":{"line":82,"column":29},"end":{"line":82,"column":83}},"46":{"start":{"line":84,"column":2},"end":{"line":84,"column":31}},"47":{"start":{"line":88,"column":0},"end":{"line":99,"column":3}},"48":{"start":{"line":89,"column":2},"end":{"line":98,"column":null}},"49":{"start":{"line":89,"column":37},"end":{"line":98,"column":4}},"50":{"start":{"line":90,"column":18},"end":{"line":90,"column":22}},"51":{"start":{"line":91,"column":15},"end":{"line":93,"column":8}},"52":{"start":{"line":95,"column":29},"end":{"line":95,"column":83}},"53":{"start":{"line":97,"column":2},"end":{"line":97,"column":31}},"54":{"start":{"line":101,"column":0},"end":{"line":112,"column":3}},"55":{"start":{"line":102,"column":2},"end":{"line":111,"column":null}},"56":{"start":{"line":102,"column":37},"end":{"line":111,"column":4}},"57":{"start":{"line":103,"column":18},"end":{"line":103,"column":22}},"58":{"start":{"line":104,"column":15},"end":{"line":106,"column":8}},"59":{"start":{"line":108,"column":29},"end":{"line":108,"column":83}},"60":{"start":{"line":110,"column":2},"end":{"line":110,"column":31}},"61":{"start":{"line":5,"column":0},"end":{"line":5,"column":16}}},"fnMap":{"0":{"name":"updateEmpTest","decl":{"start":{"line":5,"column":16},"end":{"line":5,"column":29}},"loc":{"start":{"line":5,"column":29},"end":{"line":115,"column":1}}},"1":{"name":"(anonymous_9)","decl":{"start":{"line":6,"column":23},"end":{"line":6,"column":25}},"loc":{"start":{"line":6,"column":27},"end":{"line":25,"column":1}}},"2":{"name":"(anonymous_10)","decl":{"start":{"line":7,"column":38},"end":{"line":7,"column":40}},"loc":{"start":{"line":7,"column":42},"end":{"line":24,"column":5}}},"3":{"name":"(anonymous_11)","decl":{"start":{"line":8,"column":63},"end":{"line":8,"column":65}},"loc":{"start":{"line":8,"column":67},"end":{"line":23,"column":9}}},"4":{"name":"(anonymous_12)","decl":{"start":{"line":9,"column":38},"end":{"line":9,"column":46}},"loc":{"start":{"line":9,"column":48},"end":{"line":22,"column":14}}},"5":{"name":"(anonymous_13)","decl":{"start":{"line":9,"column":48},"end":{"line":9,"column":null}},"loc":{"start":{"line":9,"column":48},"end":{"line":22,"column":13}}},"6":{"name":"(anonymous_14)","decl":{"start":{"line":27,"column":38},"end":{"line":27,"column":40}},"loc":{"start":{"line":27,"column":42},"end":{"line":36,"column":1}}},"7":{"name":"(anonymous_15)","decl":{"start":{"line":28,"column":28},"end":{"line":28,"column":35}},"loc":{"start":{"line":28,"column":37},"end":{"line":35,"column":4}}},"8":{"name":"(anonymous_16)","decl":{"start":{"line":28,"column":37},"end":{"line":28,"column":null}},"loc":{"start":{"line":28,"column":37},"end":{"line":35,"column":3}}},"9":{"name":"(anonymous_17)","decl":{"start":{"line":38,"column":44},"end":{"line":38,"column":46}},"loc":{"start":{"line":38,"column":48},"end":{"line":47,"column":1}}},"10":{"name":"(anonymous_18)","decl":{"start":{"line":39,"column":32},"end":{"line":39,"column":39}},"loc":{"start":{"line":39,"column":41},"end":{"line":46,"column":8}}},"11":{"name":"(anonymous_19)","decl":{"start":{"line":39,"column":41},"end":{"line":39,"column":null}},"loc":{"start":{"line":39,"column":41},"end":{"line":46,"column":7}}},"12":{"name":"(anonymous_20)","decl":{"start":{"line":49,"column":41},"end":{"line":49,"column":43}},"loc":{"start":{"line":49,"column":45},"end":{"line":60,"column":1}}},"13":{"name":"(anonymous_21)","decl":{"start":{"line":50,"column":32},"end":{"line":50,"column":39}},"loc":{"start":{"line":50,"column":41},"end":{"line":59,"column":8}}},"14":{"name":"(anonymous_22)","decl":{"start":{"line":50,"column":41},"end":{"line":50,"column":null}},"loc":{"start":{"line":50,"column":41},"end":{"line":59,"column":7}}},"15":{"name":"(anonymous_23)","decl":{"start":{"line":62,"column":43},"end":{"line":62,"column":45}},"loc":{"start":{"line":62,"column":47},"end":{"line":73,"column":1}}},"16":{"name":"(anonymous_24)","decl":{"start":{"line":63,"column":28},"end":{"line":63,"column":35}},"loc":{"start":{"line":63,"column":37},"end":{"line":72,"column":4}}},"17":{"name":"(anonymous_25)","decl":{"start":{"line":63,"column":37},"end":{"line":63,"column":null}},"loc":{"start":{"line":63,"column":37},"end":{"line":72,"column":3}}},"18":{"name":"(anonymous_26)","decl":{"start":{"line":75,"column":44},"end":{"line":75,"column":46}},"loc":{"start":{"line":75,"column":48},"end":{"line":86,"column":1}}},"19":{"name":"(anonymous_27)","decl":{"start":{"line":76,"column":28},"end":{"line":76,"column":35}},"loc":{"start":{"line":76,"column":37},"end":{"line":85,"column":4}}},"20":{"name":"(anonymous_28)","decl":{"start":{"line":76,"column":37},"end":{"line":76,"column":null}},"loc":{"start":{"line":76,"column":37},"end":{"line":85,"column":3}}},"21":{"name":"(anonymous_29)","decl":{"start":{"line":88,"column":44},"end":{"line":88,"column":46}},"loc":{"start":{"line":88,"column":48},"end":{"line":99,"column":1}}},"22":{"name":"(anonymous_30)","decl":{"start":{"line":89,"column":28},"end":{"line":89,"column":35}},"loc":{"start":{"line":89,"column":37},"end":{"line":98,"column":4}}},"23":{"name":"(anonymous_31)","decl":{"start":{"line":89,"column":37},"end":{"line":89,"column":null}},"loc":{"start":{"line":89,"column":37},"end":{"line":98,"column":3}}},"24":{"name":"(anonymous_32)","decl":{"start":{"line":101,"column":49},"end":{"line":101,"column":51}},"loc":{"start":{"line":101,"column":53},"end":{"line":112,"column":1}}},"25":{"name":"(anonymous_33)","decl":{"start":{"line":102,"column":28},"end":{"line":102,"column":35}},"loc":{"start":{"line":102,"column":37},"end":{"line":111,"column":4}}},"26":{"name":"(anonymous_34)","decl":{"start":{"line":102,"column":37},"end":{"line":102,"column":null}},"loc":{"start":{"line":102,"column":37},"end":{"line":111,"column":3}}}},"branchMap":{},"s":{"0":1,"1":1,"2":1,"3":1,"4":1,"5":1,"6":1,"7":1,"8":1,"9":1,"10":1,"11":1,"12":1,"13":1,"14":1,"15":1,"16":1,"17":1,"18":1,"19":1,"20":1,"21":1,"22":1,"23":1,"24":1,"25":1,"26":1,"27":1,"28":1,"29":1,"30":1,"31":1,"32":1,"33":1,"34":1,"35":1,"36":1,"37":1,"38":1,"39":1,"40":1,"41":1,"42":1,"43":1,"44":1,"45":1,"46":1,"47":1,"48":1,"49":1,"50":1,"51":1,"52":1,"53":1,"54":1,"55":1,"56":1,"57":1,"58":1,"59":1,"60":1,"61":1},"f":{"0":1,"1":1,"2":1,"3":1,"4":1,"5":1,"6":1,"7":1,"8":1,"9":1,"10":1,"11":1,"12":1,"13":1,"14":1,"15":1,"16":1,"17":1,"18":1,"19":1,"20":1,"21":1,"22":1,"23":1,"24":1,"25":1,"26":1},"b":{}}
,"C:\\Users\\Yogesh.P\\Documents\\Typescript_Project\\erp\\src\\__tests__\\persDataTests\\createPers.ts": {"path":"C:\\Users\\Yogesh.P\\Documents\\Typescript_Project\\erp\\src\\__tests__\\persDataTests\\createPers.ts","statementMap":{"0":{"start":{"line":1,"column":0},"end":{"line":1,"column":34}},"1":{"start":{"line":2,"column":0},"end":{"line":2,"column":40}},"2":{"start":{"line":3,"column":12},"end":{"line":3,"column":26}},"3":{"start":{"line":6,"column":4},"end":{"line":20,"column":7}},"4":{"start":{"line":7,"column":8},"end":{"line":19,"column":15}},"5":{"start":{"line":8,"column":12},"end":{"line":18,"column":19}},"6":{"start":{"line":8,"column":48},"end":{"line":18,"column":18}},"7":{"start":{"line":9,"column":32},"end":{"line":14,"column":null}},"8":{"start":{"line":16,"column":48},"end":{"line":16,"column":102}},"9":{"start":{"line":17,"column":20},"end":{"line":17,"column":49}},"10":{"start":{"line":22,"column":4},"end":{"line":29,"column":7}},"11":{"start":{"line":23,"column":8},"end":{"line":28,"column":null}},"12":{"start":{"line":23,"column":43},"end":{"line":28,"column":10}},"13":{"start":{"line":24,"column":24},"end":{"line":24,"column":26}},"14":{"start":{"line":26,"column":38},"end":{"line":26,"column":92}},"15":{"start":{"line":27,"column":12},"end":{"line":27,"column":41}},"16":{"start":{"line":31,"column":4},"end":{"line":42,"column":7}},"17":{"start":{"line":32,"column":8},"end":{"line":41,"column":11}},"18":{"start":{"line":32,"column":43},"end":{"line":41,"column":10}},"19":{"start":{"line":33,"column":24},"end":{"line":37,"column":null}},"20":{"start":{"line":39,"column":38},"end":{"line":39,"column":92}},"21":{"start":{"line":40,"column":12},"end":{"line":40,"column":41}},"22":{"start":{"line":44,"column":4},"end":{"line":56,"column":7}},"23":{"start":{"line":45,"column":8},"end":{"line":55,"column":11}},"24":{"start":{"line":45,"column":43},"end":{"line":55,"column":10}},"25":{"start":{"line":46,"column":24},"end":{"line":51,"column":null}},"26":{"start":{"line":53,"column":38},"end":{"line":53,"column":92}},"27":{"start":{"line":54,"column":12},"end":{"line":54,"column":41}},"28":{"start":{"line":58,"column":4},"end":{"line":70,"column":7}},"29":{"start":{"line":59,"column":8},"end":{"line":69,"column":11}},"30":{"start":{"line":59,"column":43},"end":{"line":69,"column":10}},"31":{"start":{"line":60,"column":24},"end":{"line":65,"column":14}},"32":{"start":{"line":67,"column":38},"end":{"line":67,"column":92}},"33":{"start":{"line":68,"column":12},"end":{"line":68,"column":41}},"34":{"start":{"line":72,"column":4},"end":{"line":83,"column":7}},"35":{"start":{"line":73,"column":8},"end":{"line":82,"column":11}},"36":{"start":{"line":73,"column":43},"end":{"line":82,"column":10}},"37":{"start":{"line":74,"column":24},"end":{"line":78,"column":null}},"38":{"start":{"line":80,"column":38},"end":{"line":80,"column":92}},"39":{"start":{"line":81,"column":12},"end":{"line":81,"column":41}},"40":{"start":{"line":85,"column":4},"end":{"line":97,"column":7}},"41":{"start":{"line":86,"column":8},"end":{"line":96,"column":11}},"42":{"start":{"line":86,"column":43},"end":{"line":96,"column":10}},"43":{"start":{"line":87,"column":24},"end":{"line":92,"column":null}},"44":{"start":{"line":94,"column":38},"end":{"line":94,"column":92}},"45":{"start":{"line":95,"column":12},"end":{"line":95,"column":41}},"46":{"start":{"line":99,"column":4},"end":{"line":110,"column":7}},"47":{"start":{"line":100,"column":8},"end":{"line":109,"column":11}},"48":{"start":{"line":100,"column":43},"end":{"line":109,"column":10}},"49":{"start":{"line":101,"column":24},"end":{"line":105,"column":null}},"50":{"start":{"line":107,"column":38},"end":{"line":107,"column":92}},"51":{"start":{"line":108,"column":12},"end":{"line":108,"column":41}},"52":{"start":{"line":112,"column":4},"end":{"line":124,"column":7}},"53":{"start":{"line":113,"column":8},"end":{"line":123,"column":11}},"54":{"start":{"line":113,"column":43},"end":{"line":123,"column":10}},"55":{"start":{"line":114,"column":24},"end":{"line":119,"column":null}},"56":{"start":{"line":121,"column":38},"end":{"line":121,"column":92}},"57":{"start":{"line":122,"column":12},"end":{"line":122,"column":41}},"58":{"start":{"line":126,"column":4},"end":{"line":137,"column":7}},"59":{"start":{"line":127,"column":8},"end":{"line":136,"column":11}},"60":{"start":{"line":127,"column":43},"end":{"line":136,"column":10}},"61":{"start":{"line":128,"column":24},"end":{"line":133,"column":null}},"62":{"start":{"line":134,"column":38},"end":{"line":134,"column":92}},"63":{"start":{"line":135,"column":12},"end":{"line":135,"column":41}},"64":{"start":{"line":139,"column":4},"end":{"line":150,"column":7}},"65":{"start":{"line":140,"column":8},"end":{"line":149,"column":11}},"66":{"start":{"line":140,"column":43},"end":{"line":149,"column":10}},"67":{"start":{"line":141,"column":24},"end":{"line":146,"column":null}},"68":{"start":{"line":147,"column":38},"end":{"line":147,"column":92}},"69":{"start":{"line":148,"column":12},"end":{"line":148,"column":41}},"70":{"start":{"line":152,"column":4},"end":{"line":163,"column":7}},"71":{"start":{"line":153,"column":8},"end":{"line":162,"column":11}},"72":{"start":{"line":153,"column":43},"end":{"line":162,"column":10}},"73":{"start":{"line":154,"column":24},"end":{"line":159,"column":null}},"74":{"start":{"line":160,"column":38},"end":{"line":160,"column":92}},"75":{"start":{"line":161,"column":12},"end":{"line":161,"column":41}},"76":{"start":{"line":5,"column":0},"end":{"line":5,"column":16}}},"fnMap":{"0":{"name":"createPersTest","decl":{"start":{"line":5,"column":16},"end":{"line":5,"column":30}},"loc":{"start":{"line":5,"column":30},"end":{"line":164,"column":1}}},"1":{"name":"(anonymous_9)","decl":{"start":{"line":6,"column":29},"end":{"line":6,"column":31}},"loc":{"start":{"line":6,"column":33},"end":{"line":20,"column":5}}},"2":{"name":"(anonymous_10)","decl":{"start":{"line":7,"column":63},"end":{"line":7,"column":65}},"loc":{"start":{"line":7,"column":67},"end":{"line":19,"column":13}}},"3":{"name":"(anonymous_11)","decl":{"start":{"line":8,"column":38},"end":{"line":8,"column":46}},"loc":{"start":{"line":8,"column":48},"end":{"line":18,"column":18}}},"4":{"name":"(anonymous_12)","decl":{"start":{"line":8,"column":48},"end":{"line":8,"column":null}},"loc":{"start":{"line":8,"column":48},"end":{"line":18,"column":17}}},"5":{"name":"(anonymous_13)","decl":{"start":{"line":22,"column":41},"end":{"line":22,"column":43}},"loc":{"start":{"line":22,"column":45},"end":{"line":29,"column":5}}},"6":{"name":"(anonymous_14)","decl":{"start":{"line":23,"column":34},"end":{"line":23,"column":41}},"loc":{"start":{"line":23,"column":43},"end":{"line":28,"column":10}}},"7":{"name":"(anonymous_15)","decl":{"start":{"line":23,"column":43},"end":{"line":23,"column":null}},"loc":{"start":{"line":23,"column":43},"end":{"line":28,"column":9}}},"8":{"name":"(anonymous_16)","decl":{"start":{"line":31,"column":58},"end":{"line":31,"column":60}},"loc":{"start":{"line":31,"column":62},"end":{"line":42,"column":5}}},"9":{"name":"(anonymous_17)","decl":{"start":{"line":32,"column":34},"end":{"line":32,"column":41}},"loc":{"start":{"line":32,"column":43},"end":{"line":41,"column":10}}},"10":{"name":"(anonymous_18)","decl":{"start":{"line":32,"column":43},"end":{"line":32,"column":null}},"loc":{"start":{"line":32,"column":43},"end":{"line":41,"column":9}}},"11":{"name":"(anonymous_19)","decl":{"start":{"line":44,"column":61},"end":{"line":44,"column":63}},"loc":{"start":{"line":44,"column":65},"end":{"line":56,"column":5}}},"12":{"name":"(anonymous_20)","decl":{"start":{"line":45,"column":34},"end":{"line":45,"column":41}},"loc":{"start":{"line":45,"column":43},"end":{"line":55,"column":10}}},"13":{"name":"(anonymous_21)","decl":{"start":{"line":45,"column":43},"end":{"line":45,"column":null}},"loc":{"start":{"line":45,"column":43},"end":{"line":55,"column":9}}},"14":{"name":"(anonymous_22)","decl":{"start":{"line":58,"column":65},"end":{"line":58,"column":67}},"loc":{"start":{"line":58,"column":69},"end":{"line":70,"column":5}}},"15":{"name":"(anonymous_23)","decl":{"start":{"line":59,"column":34},"end":{"line":59,"column":41}},"loc":{"start":{"line":59,"column":43},"end":{"line":69,"column":10}}},"16":{"name":"(anonymous_24)","decl":{"start":{"line":59,"column":43},"end":{"line":59,"column":null}},"loc":{"start":{"line":59,"column":43},"end":{"line":69,"column":9}}},"17":{"name":"(anonymous_25)","decl":{"start":{"line":72,"column":61},"end":{"line":72,"column":63}},"loc":{"start":{"line":72,"column":65},"end":{"line":83,"column":5}}},"18":{"name":"(anonymous_26)","decl":{"start":{"line":73,"column":34},"end":{"line":73,"column":41}},"loc":{"start":{"line":73,"column":43},"end":{"line":82,"column":10}}},"19":{"name":"(anonymous_27)","decl":{"start":{"line":73,"column":43},"end":{"line":73,"column":null}},"loc":{"start":{"line":73,"column":43},"end":{"line":82,"column":9}}},"20":{"name":"(anonymous_28)","decl":{"start":{"line":85,"column":58},"end":{"line":85,"column":60}},"loc":{"start":{"line":85,"column":62},"end":{"line":97,"column":5}}},"21":{"name":"(anonymous_29)","decl":{"start":{"line":86,"column":34},"end":{"line":86,"column":41}},"loc":{"start":{"line":86,"column":43},"end":{"line":96,"column":10}}},"22":{"name":"(anonymous_30)","decl":{"start":{"line":86,"column":43},"end":{"line":86,"column":null}},"loc":{"start":{"line":86,"column":43},"end":{"line":96,"column":9}}},"23":{"name":"(anonymous_31)","decl":{"start":{"line":99,"column":63},"end":{"line":99,"column":65}},"loc":{"start":{"line":99,"column":67},"end":{"line":110,"column":5}}},"24":{"name":"(anonymous_32)","decl":{"start":{"line":100,"column":34},"end":{"line":100,"column":41}},"loc":{"start":{"line":100,"column":43},"end":{"line":109,"column":10}}},"25":{"name":"(anonymous_33)","decl":{"start":{"line":100,"column":43},"end":{"line":100,"column":null}},"loc":{"start":{"line":100,"column":43},"end":{"line":109,"column":9}}},"26":{"name":"(anonymous_34)","decl":{"start":{"line":112,"column":66},"end":{"line":112,"column":68}},"loc":{"start":{"line":112,"column":70},"end":{"line":124,"column":5}}},"27":{"name":"(anonymous_35)","decl":{"start":{"line":113,"column":34},"end":{"line":113,"column":41}},"loc":{"start":{"line":113,"column":43},"end":{"line":123,"column":10}}},"28":{"name":"(anonymous_36)","decl":{"start":{"line":113,"column":43},"end":{"line":113,"column":null}},"loc":{"start":{"line":113,"column":43},"end":{"line":123,"column":9}}},"29":{"name":"(anonymous_37)","decl":{"start":{"line":126,"column":64},"end":{"line":126,"column":66}},"loc":{"start":{"line":126,"column":68},"end":{"line":137,"column":5}}},"30":{"name":"(anonymous_38)","decl":{"start":{"line":127,"column":34},"end":{"line":127,"column":41}},"loc":{"start":{"line":127,"column":43},"end":{"line":136,"column":10}}},"31":{"name":"(anonymous_39)","decl":{"start":{"line":127,"column":43},"end":{"line":127,"column":null}},"loc":{"start":{"line":127,"column":43},"end":{"line":136,"column":9}}},"32":{"name":"(anonymous_40)","decl":{"start":{"line":139,"column":67},"end":{"line":139,"column":69}},"loc":{"start":{"line":139,"column":71},"end":{"line":150,"column":5}}},"33":{"name":"(anonymous_41)","decl":{"start":{"line":140,"column":34},"end":{"line":140,"column":41}},"loc":{"start":{"line":140,"column":43},"end":{"line":149,"column":10}}},"34":{"name":"(anonymous_42)","decl":{"start":{"line":140,"column":43},"end":{"line":140,"column":null}},"loc":{"start":{"line":140,"column":43},"end":{"line":149,"column":9}}},"35":{"name":"(anonymous_43)","decl":{"start":{"line":152,"column":66},"end":{"line":152,"column":68}},"loc":{"start":{"line":152,"column":70},"end":{"line":163,"column":5}}},"36":{"name":"(anonymous_44)","decl":{"start":{"line":153,"column":34},"end":{"line":153,"column":41}},"loc":{"start":{"line":153,"column":43},"end":{"line":162,"column":10}}},"37":{"name":"(anonymous_45)","decl":{"start":{"line":153,"column":43},"end":{"line":153,"column":null}},"loc":{"start":{"line":153,"column":43},"end":{"line":162,"column":9}}}},"branchMap":{},"s":{"0":1,"1":1,"2":1,"3":1,"4":1,"5":1,"6":1,"7":1,"8":1,"9":1,"10":1,"11":1,"12":1,"13":1,"14":1,"15":1,"16":1,"17":1,"18":1,"19":1,"20":1,"21":1,"22":1,"23":1,"24":1,"25":1,"26":1,"27":1,"28":1,"29":1,"30":1,"31":1,"32":1,"33":1,"34":1,"35":1,"36":1,"37":1,"38":1,"39":1,"40":1,"41":1,"42":1,"43":1,"44":1,"45":1,"46":1,"47":1,"48":1,"49":1,"50":1,"51":1,"52":1,"53":1,"54":1,"55":1,"56":1,"57":1,"58":1,"59":1,"60":1,"61":1,"62":1,"63":1,"64":1,"65":1,"66":1,"67":1,"68":1,"69":1,"70":1,"71":1,"72":1,"73":1,"74":1,"75":1,"76":1},"f":{"0":1,"1":1,"2":1,"3":1,"4":1,"5":1,"6":1,"7":1,"8":1,"9":1,"10":1,"11":1,"12":1,"13":1,"14":1,"15":1,"16":1,"17":1,"18":1,"19":1,"20":1,"21":1,"22":1,"23":1,"24":1,"25":1,"26":1,"27":1,"28":1,"29":1,"30":1,"31":1,"32":1,"33":1,"34":1,"35":1,"36":1,"37":1},"b":{}}
,"C:\\Users\\Yogesh.P\\Documents\\Typescript_Project\\erp\\src\\__tests__\\persDataTests\\deletePers.ts": {"path":"C:\\Users\\Yogesh.P\\Documents\\Typescript_Project\\erp\\src\\__tests__\\persDataTests\\deletePers.ts","statementMap":{"0":{"start":{"line":1,"column":0},"end":{"line":1,"column":34}},"1":{"start":{"line":2,"column":0},"end":{"line":2,"column":40}},"2":{"start":{"line":3,"column":12},"end":{"line":3,"column":26}},"3":{"start":{"line":7,"column":4},"end":{"line":15,"column":7}},"4":{"start":{"line":8,"column":8},"end":{"line":14,"column":11}},"5":{"start":{"line":9,"column":12},"end":{"line":13,"column":15}},"6":{"start":{"line":9,"column":48},"end":{"line":13,"column":14}},"7":{"start":{"line":10,"column":30},"end":{"line":10,"column":34}},"8":{"start":{"line":11,"column":44},"end":{"line":11,"column":98}},"9":{"start":{"line":12,"column":16},"end":{"line":12,"column":45}},"10":{"start":{"line":17,"column":4},"end":{"line":23,"column":7}},"11":{"start":{"line":18,"column":8},"end":{"line":22,"column":11}},"12":{"start":{"line":18,"column":44},"end":{"line":22,"column":10}},"13":{"start":{"line":19,"column":27},"end":{"line":19,"column":35}},"14":{"start":{"line":21,"column":38},"end":{"line":21,"column":105}},"15":{"start":{"line":6,"column":0},"end":{"line":6,"column":16}}},"fnMap":{"0":{"name":"deletePersTest","decl":{"start":{"line":6,"column":16},"end":{"line":6,"column":30}},"loc":{"start":{"line":6,"column":30},"end":{"line":24,"column":1}}},"1":{"name":"(anonymous_9)","decl":{"start":{"line":7,"column":46},"end":{"line":7,"column":48}},"loc":{"start":{"line":7,"column":50},"end":{"line":15,"column":5}}},"2":{"name":"(anonymous_10)","decl":{"start":{"line":8,"column":63},"end":{"line":8,"column":65}},"loc":{"start":{"line":8,"column":67},"end":{"line":14,"column":9}}},"3":{"name":"(anonymous_11)","decl":{"start":{"line":9,"column":38},"end":{"line":9,"column":46}},"loc":{"start":{"line":9,"column":48},"end":{"line":13,"column":14}}},"4":{"name":"(anonymous_12)","decl":{"start":{"line":9,"column":48},"end":{"line":9,"column":null}},"loc":{"start":{"line":9,"column":48},"end":{"line":13,"column":13}}},"5":{"name":"(anonymous_13)","decl":{"start":{"line":17,"column":44},"end":{"line":17,"column":46}},"loc":{"start":{"line":17,"column":48},"end":{"line":23,"column":5}}},"6":{"name":"(anonymous_14)","decl":{"start":{"line":18,"column":34},"end":{"line":18,"column":42}},"loc":{"start":{"line":18,"column":44},"end":{"line":22,"column":10}}},"7":{"name":"(anonymous_15)","decl":{"start":{"line":18,"column":44},"end":{"line":18,"column":null}},"loc":{"start":{"line":18,"column":44},"end":{"line":22,"column":9}}}},"branchMap":{},"s":{"0":1,"1":1,"2":1,"3":1,"4":1,"5":1,"6":1,"7":1,"8":1,"9":1,"10":1,"11":1,"12":1,"13":1,"14":1,"15":1},"f":{"0":1,"1":1,"2":1,"3":1,"4":1,"5":1,"6":1,"7":1},"b":{}}
,"C:\\Users\\Yogesh.P\\Documents\\Typescript_Project\\erp\\src\\__tests__\\persDataTests\\readAllPers.ts": {"path":"C:\\Users\\Yogesh.P\\Documents\\Typescript_Project\\erp\\src\\__tests__\\persDataTests\\readAllPers.ts","statementMap":{"0":{"start":{"line":1,"column":0},"end":{"line":1,"column":34}},"1":{"start":{"line":2,"column":0},"end":{"line":2,"column":40}},"2":{"start":{"line":3,"column":0},"end":{"line":3,"column":56}},"3":{"start":{"line":4,"column":12},"end":{"line":4,"column":26}},"4":{"start":{"line":8,"column":4},"end":{"line":14,"column":7}},"5":{"start":{"line":9,"column":8},"end":{"line":13,"column":11}},"6":{"start":{"line":9,"column":63},"end":{"line":13,"column":10}},"7":{"start":{"line":10,"column":27},"end":{"line":10,"column":41}},"8":{"start":{"line":11,"column":39},"end":{"line":11,"column":94}},"9":{"start":{"line":12,"column":12},"end":{"line":12,"column":49}},"10":{"start":{"line":7,"column":0},"end":{"line":7,"column":16}}},"fnMap":{"0":{"name":"readAllPersTest","decl":{"start":{"line":7,"column":16},"end":{"line":7,"column":31}},"loc":{"start":{"line":7,"column":31},"end":{"line":15,"column":1}}},"1":{"name":"(anonymous_9)","decl":{"start":{"line":8,"column":47},"end":{"line":8,"column":49}},"loc":{"start":{"line":8,"column":51},"end":{"line":14,"column":5}}},"2":{"name":"(anonymous_10)","decl":{"start":{"line":9,"column":53},"end":{"line":9,"column":61}},"loc":{"start":{"line":9,"column":63},"end":{"line":13,"column":10}}},"3":{"name":"(anonymous_11)","decl":{"start":{"line":9,"column":63},"end":{"line":9,"column":null}},"loc":{"start":{"line":9,"column":63},"end":{"line":13,"column":9}}}},"branchMap":{},"s":{"0":1,"1":1,"2":1,"3":1,"4":1,"5":1,"6":1,"7":1,"8":1,"9":1,"10":1},"f":{"0":1,"1":1,"2":1,"3":1},"b":{}}
,"C:\\Users\\Yogesh.P\\Documents\\Typescript_Project\\erp\\src\\__tests__\\persDataTests\\readPers.ts": {"path":"C:\\Users\\Yogesh.P\\Documents\\Typescript_Project\\erp\\src\\__tests__\\persDataTests\\readPers.ts","statementMap":{"0":{"start":{"line":1,"column":0},"end":{"line":1,"column":34}},"1":{"start":{"line":2,"column":0},"end":{"line":2,"column":40}},"2":{"start":{"line":3,"column":12},"end":{"line":3,"column":26}},"3":{"start":{"line":7,"column":4},"end":{"line":21,"column":7}},"4":{"start":{"line":8,"column":8},"end":{"line":20,"column":11}},"5":{"start":{"line":9,"column":12},"end":{"line":19,"column":15}},"6":{"start":{"line":9,"column":47},"end":{"line":19,"column":14}},"7":{"start":{"line":11,"column":28},"end":{"line":16,"column":null}},"8":{"start":{"line":17,"column":44},"end":{"line":17,"column":113}},"9":{"start":{"line":18,"column":16},"end":{"line":18,"column":48}},"10":{"start":{"line":23,"column":4},"end":{"line":29,"column":7}},"11":{"start":{"line":24,"column":8},"end":{"line":28,"column":11}},"12":{"start":{"line":24,"column":44},"end":{"line":28,"column":10}},"13":{"start":{"line":25,"column":27},"end":{"line":25,"column":35}},"14":{"start":{"line":27,"column":38},"end":{"line":27,"column":102}},"15":{"start":{"line":6,"column":0},"end":{"line":6,"column":16}}},"fnMap":{"0":{"name":"readPersTest","decl":{"start":{"line":6,"column":16},"end":{"line":6,"column":28}},"loc":{"start":{"line":6,"column":28},"end":{"line":30,"column":1}}},"1":{"name":"(anonymous_9)","decl":{"start":{"line":7,"column":58},"end":{"line":7,"column":60}},"loc":{"start":{"line":7,"column":62},"end":{"line":21,"column":5}}},"2":{"name":"(anonymous_10)","decl":{"start":{"line":8,"column":58},"end":{"line":8,"column":60}},"loc":{"start":{"line":8,"column":62},"end":{"line":20,"column":9}}},"3":{"name":"(anonymous_11)","decl":{"start":{"line":9,"column":37},"end":{"line":9,"column":45}},"loc":{"start":{"line":9,"column":47},"end":{"line":19,"column":14}}},"4":{"name":"(anonymous_12)","decl":{"start":{"line":9,"column":47},"end":{"line":9,"column":null}},"loc":{"start":{"line":9,"column":47},"end":{"line":19,"column":13}}},"5":{"name":"(anonymous_13)","decl":{"start":{"line":23,"column":44},"end":{"line":23,"column":46}},"loc":{"start":{"line":23,"column":48},"end":{"line":29,"column":5}}},"6":{"name":"(anonymous_14)","decl":{"start":{"line":24,"column":34},"end":{"line":24,"column":42}},"loc":{"start":{"line":24,"column":44},"end":{"line":28,"column":10}}},"7":{"name":"(anonymous_15)","decl":{"start":{"line":24,"column":44},"end":{"line":24,"column":null}},"loc":{"start":{"line":24,"column":44},"end":{"line":28,"column":9}}}},"branchMap":{},"s":{"0":1,"1":1,"2":1,"3":1,"4":1,"5":1,"6":1,"7":1,"8":1,"9":1,"10":1,"11":1,"12":1,"13":1,"14":1,"15":1},"f":{"0":1,"1":1,"2":1,"3":1,"4":1,"5":1,"6":1,"7":1},"b":{}}
,"C:\\Users\\Yogesh.P\\Documents\\Typescript_Project\\erp\\src\\__tests__\\persDataTests\\updatePers.ts": {"path":"C:\\Users\\Yogesh.P\\Documents\\Typescript_Project\\erp\\src\\__tests__\\persDataTests\\updatePers.ts","statementMap":{"0":{"start":{"line":1,"column":0},"end":{"line":1,"column":34}},"1":{"start":{"line":2,"column":0},"end":{"line":2,"column":40}},"2":{"start":{"line":3,"column":12},"end":{"line":3,"column":26}},"3":{"start":{"line":7,"column":4},"end":{"line":19,"column":7}},"4":{"start":{"line":8,"column":8},"end":{"line":18,"column":11}},"5":{"start":{"line":9,"column":12},"end":{"line":17,"column":15}},"6":{"start":{"line":9,"column":48},"end":{"line":17,"column":14}},"7":{"start":{"line":10,"column":30},"end":{"line":10,"column":34}},"8":{"start":{"line":11,"column":27},"end":{"line":13,"column":null}},"9":{"start":{"line":15,"column":44},"end":{"line":15,"column":107}},"10":{"start":{"line":16,"column":16},"end":{"line":16,"column":45}},"11":{"start":{"line":21,"column":4},"end":{"line":28,"column":7}},"12":{"start":{"line":22,"column":8},"end":{"line":27,"column":11}},"13":{"start":{"line":22,"column":43},"end":{"line":27,"column":10}},"14":{"start":{"line":23,"column":24},"end":{"line":23,"column":26}},"15":{"start":{"line":24,"column":26},"end":{"line":24,"column":30}},"16":{"start":{"line":25,"column":39},"end":{"line":25,"column":102}},"17":{"start":{"line":26,"column":12},"end":{"line":26,"column":41}},"18":{"start":{"line":30,"column":4},"end":{"line":37,"column":7}},"19":{"start":{"line":31,"column":8},"end":{"line":36,"column":11}},"20":{"start":{"line":31,"column":43},"end":{"line":36,"column":10}},"21":{"start":{"line":32,"column":24},"end":{"line":32,"column":26}},"22":{"start":{"line":33,"column":26},"end":{"line":33,"column":30}},"23":{"start":{"line":34,"column":39},"end":{"line":34,"column":102}},"24":{"start":{"line":35,"column":12},"end":{"line":35,"column":41}},"25":{"start":{"line":39,"column":4},"end":{"line":48,"column":7}},"26":{"start":{"line":40,"column":8},"end":{"line":47,"column":11}},"27":{"start":{"line":40,"column":43},"end":{"line":47,"column":10}},"28":{"start":{"line":41,"column":24},"end":{"line":43,"column":14}},"29":{"start":{"line":44,"column":26},"end":{"line":44,"column":30}},"30":{"start":{"line":45,"column":39},"end":{"line":45,"column":102}},"31":{"start":{"line":46,"column":12},"end":{"line":46,"column":41}},"32":{"start":{"line":50,"column":4},"end":{"line":59,"column":7}},"33":{"start":{"line":51,"column":8},"end":{"line":58,"column":11}},"34":{"start":{"line":51,"column":43},"end":{"line":58,"column":10}},"35":{"start":{"line":52,"column":24},"end":{"line":54,"column":14}},"36":{"start":{"line":55,"column":26},"end":{"line":55,"column":30}},"37":{"start":{"line":56,"column":39},"end":{"line":56,"column":102}},"38":{"start":{"line":57,"column":12},"end":{"line":57,"column":41}},"39":{"start":{"line":61,"column":4},"end":{"line":70,"column":7}},"40":{"start":{"line":62,"column":8},"end":{"line":69,"column":11}},"41":{"start":{"line":62,"column":43},"end":{"line":69,"column":10}},"42":{"start":{"line":63,"column":24},"end":{"line":65,"column":14}},"43":{"start":{"line":66,"column":26},"end":{"line":66,"column":30}},"44":{"start":{"line":67,"column":39},"end":{"line":67,"column":102}},"45":{"start":{"line":68,"column":12},"end":{"line":68,"column":41}},"46":{"start":{"line":72,"column":4},"end":{"line":81,"column":7}},"47":{"start":{"line":73,"column":8},"end":{"line":80,"column":11}},"48":{"start":{"line":73,"column":43},"end":{"line":80,"column":10}},"49":{"start":{"line":74,"column":24},"end":{"line":76,"column":14}},"50":{"start":{"line":77,"column":26},"end":{"line":77,"column":30}},"51":{"start":{"line":78,"column":39},"end":{"line":78,"column":102}},"52":{"start":{"line":79,"column":12},"end":{"line":79,"column":41}},"53":{"start":{"line":83,"column":4},"end":{"line":92,"column":7}},"54":{"start":{"line":84,"column":8},"end":{"line":91,"column":11}},"55":{"start":{"line":84,"column":43},"end":{"line":91,"column":10}},"56":{"start":{"line":85,"column":24},"end":{"line":87,"column":14}},"57":{"start":{"line":88,"column":26},"end":{"line":88,"column":30}},"58":{"start":{"line":89,"column":39},"end":{"line":89,"column":102}},"59":{"start":{"line":90,"column":12},"end":{"line":90,"column":41}},"60":{"start":{"line":94,"column":4},"end":{"line":103,"column":7}},"61":{"start":{"line":95,"column":8},"end":{"line":102,"column":11}},"62":{"start":{"line":95,"column":43},"end":{"line":102,"column":10}},"63":{"start":{"line":96,"column":24},"end":{"line":98,"column":14}},"64":{"start":{"line":99,"column":26},"end":{"line":99,"column":30}},"65":{"start":{"line":100,"column":39},"end":{"line":100,"column":102}},"66":{"start":{"line":101,"column":12},"end":{"line":101,"column":41}},"67":{"start":{"line":6,"column":0},"end":{"line":6,"column":16}}},"fnMap":{"0":{"name":"updatePersTest","decl":{"start":{"line":6,"column":16},"end":{"line":6,"column":30}},"loc":{"start":{"line":6,"column":30},"end":{"line":107,"column":1}}},"1":{"name":"(anonymous_9)","decl":{"start":{"line":7,"column":46},"end":{"line":7,"column":48}},"loc":{"start":{"line":7,"column":50},"end":{"line":19,"column":5}}},"2":{"name":"(anonymous_10)","decl":{"start":{"line":8,"column":70},"end":{"line":8,"column":72}},"loc":{"start":{"line":8,"column":74},"end":{"line":18,"column":9}}},"3":{"name":"(anonymous_11)","decl":{"start":{"line":9,"column":38},"end":{"line":9,"column":46}},"loc":{"start":{"line":9,"column":48},"end":{"line":17,"column":14}}},"4":{"name":"(anonymous_12)","decl":{"start":{"line":9,"column":48},"end":{"line":9,"column":null}},"loc":{"start":{"line":9,"column":48},"end":{"line":17,"column":13}}},"5":{"name":"(anonymous_13)","decl":{"start":{"line":21,"column":39},"end":{"line":21,"column":41}},"loc":{"start":{"line":21,"column":43},"end":{"line":28,"column":5}}},"6":{"name":"(anonymous_14)","decl":{"start":{"line":22,"column":34},"end":{"line":22,"column":41}},"loc":{"start":{"line":22,"column":43},"end":{"line":27,"column":10}}},"7":{"name":"(anonymous_15)","decl":{"start":{"line":22,"column":43},"end":{"line":22,"column":null}},"loc":{"start":{"line":22,"column":43},"end":{"line":27,"column":9}}},"8":{"name":"(anonymous_16)","decl":{"start":{"line":30,"column":53},"end":{"line":30,"column":55}},"loc":{"start":{"line":30,"column":57},"end":{"line":37,"column":5}}},"9":{"name":"(anonymous_17)","decl":{"start":{"line":31,"column":34},"end":{"line":31,"column":41}},"loc":{"start":{"line":31,"column":43},"end":{"line":36,"column":10}}},"10":{"name":"(anonymous_18)","decl":{"start":{"line":31,"column":43},"end":{"line":31,"column":null}},"loc":{"start":{"line":31,"column":43},"end":{"line":36,"column":9}}},"11":{"name":"(anonymous_19)","decl":{"start":{"line":39,"column":63},"end":{"line":39,"column":65}},"loc":{"start":{"line":39,"column":67},"end":{"line":48,"column":5}}},"12":{"name":"(anonymous_20)","decl":{"start":{"line":40,"column":34},"end":{"line":40,"column":41}},"loc":{"start":{"line":40,"column":43},"end":{"line":47,"column":10}}},"13":{"name":"(anonymous_21)","decl":{"start":{"line":40,"column":43},"end":{"line":40,"column":null}},"loc":{"start":{"line":40,"column":43},"end":{"line":47,"column":9}}},"14":{"name":"(anonymous_22)","decl":{"start":{"line":50,"column":66},"end":{"line":50,"column":68}},"loc":{"start":{"line":50,"column":70},"end":{"line":59,"column":5}}},"15":{"name":"(anonymous_23)","decl":{"start":{"line":51,"column":34},"end":{"line":51,"column":41}},"loc":{"start":{"line":51,"column":43},"end":{"line":58,"column":10}}},"16":{"name":"(anonymous_24)","decl":{"start":{"line":51,"column":43},"end":{"line":51,"column":null}},"loc":{"start":{"line":51,"column":43},"end":{"line":58,"column":9}}},"17":{"name":"(anonymous_25)","decl":{"start":{"line":61,"column":63},"end":{"line":61,"column":65}},"loc":{"start":{"line":61,"column":67},"end":{"line":70,"column":5}}},"18":{"name":"(anonymous_26)","decl":{"start":{"line":62,"column":34},"end":{"line":62,"column":41}},"loc":{"start":{"line":62,"column":43},"end":{"line":69,"column":10}}},"19":{"name":"(anonymous_27)","decl":{"start":{"line":62,"column":43},"end":{"line":62,"column":null}},"loc":{"start":{"line":62,"column":43},"end":{"line":69,"column":9}}},"20":{"name":"(anonymous_28)","decl":{"start":{"line":72,"column":68},"end":{"line":72,"column":70}},"loc":{"start":{"line":72,"column":72},"end":{"line":81,"column":5}}},"21":{"name":"(anonymous_29)","decl":{"start":{"line":73,"column":34},"end":{"line":73,"column":41}},"loc":{"start":{"line":73,"column":43},"end":{"line":80,"column":10}}},"22":{"name":"(anonymous_30)","decl":{"start":{"line":73,"column":43},"end":{"line":73,"column":null}},"loc":{"start":{"line":73,"column":43},"end":{"line":80,"column":9}}},"23":{"name":"(anonymous_31)","decl":{"start":{"line":83,"column":66},"end":{"line":83,"column":68}},"loc":{"start":{"line":83,"column":70},"end":{"line":92,"column":5}}},"24":{"name":"(anonymous_32)","decl":{"start":{"line":84,"column":34},"end":{"line":84,"column":41}},"loc":{"start":{"line":84,"column":43},"end":{"line":91,"column":10}}},"25":{"name":"(anonymous_33)","decl":{"start":{"line":84,"column":43},"end":{"line":84,"column":null}},"loc":{"start":{"line":84,"column":43},"end":{"line":91,"column":9}}},"26":{"name":"(anonymous_34)","decl":{"start":{"line":94,"column":63},"end":{"line":94,"column":65}},"loc":{"start":{"line":94,"column":67},"end":{"line":103,"column":5}}},"27":{"name":"(anonymous_35)","decl":{"start":{"line":95,"column":34},"end":{"line":95,"column":41}},"loc":{"start":{"line":95,"column":43},"end":{"line":102,"column":10}}},"28":{"name":"(anonymous_36)","decl":{"start":{"line":95,"column":43},"end":{"line":95,"column":null}},"loc":{"start":{"line":95,"column":43},"end":{"line":102,"column":9}}}},"branchMap":{},"s":{"0":1,"1":1,"2":1,"3":1,"4":1,"5":1,"6":1,"7":1,"8":1,"9":1,"10":1,"11":1,"12":1,"13":1,"14":1,"15":1,"16":1,"17":1,"18":1,"19":1,"20":1,"21":1,"22":1,"23":1,"24":1,"25":1,"26":1,"27":1,"28":1,"29":1,"30":1,"31":1,"32":1,"33":1,"34":1,"35":1,"36":1,"37":1,"38":1,"39":1,"40":1,"41":1,"42":1,"43":1,"44":1,"45":1,"46":1,"47":1,"48":1,"49":1,"50":1,"51":1,"52":1,"53":1,"54":1,"55":1,"56":1,"57":1,"58":1,"59":1,"60":1,"61":1,"62":1,"63":1,"64":1,"65":1,"66":1,"67":1},"f":{"0":1,"1":1,"2":1,"3":1,"4":1,"5":1,"6":1,"7":1,"8":1,"9":1,"10":1,"11":1,"12":1,"13":1,"14":1,"15":1,"16":1,"17":1,"18":1,"19":1,"20":1,"21":1,"22":1,"23":1,"24":1,"25":1,"26":1,"27":1,"28":1},"b":{}}
,"C:\\Users\\Yogesh.P\\Documents\\Typescript_Project\\erp\\src\\__tests__\\profDataTests\\createProf.ts": {"path":"C:\\Users\\Yogesh.P\\Documents\\Typescript_Project\\erp\\src\\__tests__\\profDataTests\\createProf.ts","statementMap":{"0":{"start":{"line":1,"column":0},"end":{"line":1,"column":34}},"1":{"start":{"line":2,"column":0},"end":{"line":2,"column":40}},"2":{"start":{"line":3,"column":12},"end":{"line":3,"column":26}},"3":{"start":{"line":7,"column":4},"end":{"line":33,"column":7}},"4":{"start":{"line":8,"column":8},"end":{"line":32,"column":15}},"5":{"start":{"line":9,"column":12},"end":{"line":31,"column":19}},"6":{"start":{"line":9,"column":48},"end":{"line":31,"column":18}},"7":{"start":{"line":10,"column":32},"end":{"line":26,"column":null}},"8":{"start":{"line":28,"column":48},"end":{"line":28,"column":102}},"9":{"start":{"line":30,"column":20},"end":{"line":30,"column":49}},"10":{"start":{"line":35,"column":4},"end":{"line":41,"column":7}},"11":{"start":{"line":36,"column":8},"end":{"line":40,"column":null}},"12":{"start":{"line":36,"column":41},"end":{"line":40,"column":10}},"13":{"start":{"line":37,"column":24},"end":{"line":37,"column":26}},"14":{"start":{"line":38,"column":39},"end":{"line":38,"column":93}},"15":{"start":{"line":39,"column":12},"end":{"line":39,"column":41}},"16":{"start":{"line":43,"column":4},"end":{"line":64,"column":7}},"17":{"start":{"line":44,"column":8},"end":{"line":63,"column":null}},"18":{"start":{"line":44,"column":41},"end":{"line":63,"column":10}},"19":{"start":{"line":45,"column":24},"end":{"line":60,"column":null}},"20":{"start":{"line":61,"column":39},"end":{"line":61,"column":93}},"21":{"start":{"line":62,"column":12},"end":{"line":62,"column":41}},"22":{"start":{"line":66,"column":4},"end":{"line":88,"column":7}},"23":{"start":{"line":67,"column":8},"end":{"line":87,"column":11}},"24":{"start":{"line":67,"column":41},"end":{"line":87,"column":10}},"25":{"start":{"line":68,"column":24},"end":{"line":84,"column":null}},"26":{"start":{"line":85,"column":39},"end":{"line":85,"column":93}},"27":{"start":{"line":86,"column":12},"end":{"line":86,"column":41}},"28":{"start":{"line":90,"column":4},"end":{"line":112,"column":7}},"29":{"start":{"line":91,"column":8},"end":{"line":111,"column":11}},"30":{"start":{"line":91,"column":41},"end":{"line":111,"column":10}},"31":{"start":{"line":92,"column":24},"end":{"line":108,"column":null}},"32":{"start":{"line":109,"column":39},"end":{"line":109,"column":93}},"33":{"start":{"line":110,"column":12},"end":{"line":110,"column":41}},"34":{"start":{"line":114,"column":4},"end":{"line":131,"column":7}},"35":{"start":{"line":115,"column":8},"end":{"line":130,"column":11}},"36":{"start":{"line":115,"column":41},"end":{"line":130,"column":10}},"37":{"start":{"line":116,"column":24},"end":{"line":127,"column":null}},"38":{"start":{"line":128,"column":39},"end":{"line":128,"column":93}},"39":{"start":{"line":129,"column":12},"end":{"line":129,"column":41}},"40":{"start":{"line":133,"column":4},"end":{"line":151,"column":7}},"41":{"start":{"line":134,"column":8},"end":{"line":150,"column":11}},"42":{"start":{"line":134,"column":41},"end":{"line":150,"column":10}},"43":{"start":{"line":135,"column":24},"end":{"line":147,"column":null}},"44":{"start":{"line":148,"column":39},"end":{"line":148,"column":93}},"45":{"start":{"line":149,"column":12},"end":{"line":149,"column":41}},"46":{"start":{"line":153,"column":4},"end":{"line":172,"column":7}},"47":{"start":{"line":154,"column":8},"end":{"line":171,"column":11}},"48":{"start":{"line":154,"column":41},"end":{"line":171,"column":10}},"49":{"start":{"line":155,"column":24},"end":{"line":168,"column":null}},"50":{"start":{"line":169,"column":39},"end":{"line":169,"column":93}},"51":{"start":{"line":170,"column":12},"end":{"line":170,"column":41}},"52":{"start":{"line":174,"column":4},"end":{"line":190,"column":7}},"53":{"start":{"line":175,"column":8},"end":{"line":189,"column":11}},"54":{"start":{"line":175,"column":41},"end":{"line":189,"column":10}},"55":{"start":{"line":176,"column":24},"end":{"line":186,"column":null}},"56":{"start":{"line":187,"column":39},"end":{"line":187,"column":93}},"57":{"start":{"line":188,"column":12},"end":{"line":188,"column":41}},"58":{"start":{"line":192,"column":4},"end":{"line":211,"column":7}},"59":{"start":{"line":193,"column":8},"end":{"line":210,"column":11}},"60":{"start":{"line":193,"column":41},"end":{"line":210,"column":10}},"61":{"start":{"line":194,"column":24},"end":{"line":207,"column":null}},"62":{"start":{"line":208,"column":39},"end":{"line":208,"column":93}},"63":{"start":{"line":209,"column":12},"end":{"line":209,"column":41}},"64":{"start":{"line":213,"column":4},"end":{"line":229,"column":7}},"65":{"start":{"line":214,"column":8},"end":{"line":228,"column":11}},"66":{"start":{"line":214,"column":41},"end":{"line":228,"column":10}},"67":{"start":{"line":215,"column":24},"end":{"line":225,"column":null}},"68":{"start":{"line":226,"column":39},"end":{"line":226,"column":93}},"69":{"start":{"line":227,"column":12},"end":{"line":227,"column":41}},"70":{"start":{"line":231,"column":4},"end":{"line":250,"column":7}},"71":{"start":{"line":232,"column":8},"end":{"line":249,"column":11}},"72":{"start":{"line":232,"column":41},"end":{"line":249,"column":10}},"73":{"start":{"line":233,"column":24},"end":{"line":246,"column":null}},"74":{"start":{"line":247,"column":39},"end":{"line":247,"column":93}},"75":{"start":{"line":248,"column":12},"end":{"line":248,"column":41}},"76":{"start":{"line":252,"column":4},"end":{"line":270,"column":7}},"77":{"start":{"line":253,"column":8},"end":{"line":269,"column":11}},"78":{"start":{"line":253,"column":41},"end":{"line":269,"column":10}},"79":{"start":{"line":254,"column":24},"end":{"line":266,"column":null}},"80":{"start":{"line":267,"column":39},"end":{"line":267,"column":93}},"81":{"start":{"line":268,"column":12},"end":{"line":268,"column":41}},"82":{"start":{"line":6,"column":0},"end":{"line":6,"column":16}}},"fnMap":{"0":{"name":"createProfTest","decl":{"start":{"line":6,"column":16},"end":{"line":6,"column":30}},"loc":{"start":{"line":6,"column":30},"end":{"line":271,"column":1}}},"1":{"name":"(anonymous_9)","decl":{"start":{"line":7,"column":50},"end":{"line":7,"column":52}},"loc":{"start":{"line":7,"column":54},"end":{"line":33,"column":5}}},"2":{"name":"(anonymous_10)","decl":{"start":{"line":8,"column":63},"end":{"line":8,"column":65}},"loc":{"start":{"line":8,"column":67},"end":{"line":32,"column":13}}},"3":{"name":"(anonymous_11)","decl":{"start":{"line":9,"column":38},"end":{"line":9,"column":46}},"loc":{"start":{"line":9,"column":48},"end":{"line":31,"column":18}}},"4":{"name":"(anonymous_12)","decl":{"start":{"line":9,"column":48},"end":{"line":9,"column":null}},"loc":{"start":{"line":9,"column":48},"end":{"line":31,"column":17}}},"5":{"name":"(anonymous_13)","decl":{"start":{"line":35,"column":45},"end":{"line":35,"column":47}},"loc":{"start":{"line":35,"column":49},"end":{"line":41,"column":5}}},"6":{"name":"(anonymous_14)","decl":{"start":{"line":36,"column":32},"end":{"line":36,"column":39}},"loc":{"start":{"line":36,"column":41},"end":{"line":40,"column":10}}},"7":{"name":"(anonymous_15)","decl":{"start":{"line":36,"column":41},"end":{"line":36,"column":null}},"loc":{"start":{"line":36,"column":41},"end":{"line":40,"column":9}}},"8":{"name":"(anonymous_16)","decl":{"start":{"line":43,"column":65},"end":{"line":43,"column":67}},"loc":{"start":{"line":43,"column":69},"end":{"line":64,"column":5}}},"9":{"name":"(anonymous_17)","decl":{"start":{"line":44,"column":32},"end":{"line":44,"column":39}},"loc":{"start":{"line":44,"column":41},"end":{"line":63,"column":10}}},"10":{"name":"(anonymous_18)","decl":{"start":{"line":44,"column":41},"end":{"line":44,"column":null}},"loc":{"start":{"line":44,"column":41},"end":{"line":63,"column":9}}},"11":{"name":"(anonymous_19)","decl":{"start":{"line":66,"column":70},"end":{"line":66,"column":72}},"loc":{"start":{"line":66,"column":74},"end":{"line":88,"column":5}}},"12":{"name":"(anonymous_20)","decl":{"start":{"line":67,"column":32},"end":{"line":67,"column":39}},"loc":{"start":{"line":67,"column":41},"end":{"line":87,"column":10}}},"13":{"name":"(anonymous_21)","decl":{"start":{"line":67,"column":41},"end":{"line":67,"column":null}},"loc":{"start":{"line":67,"column":41},"end":{"line":87,"column":9}}},"14":{"name":"(anonymous_22)","decl":{"start":{"line":90,"column":72},"end":{"line":90,"column":74}},"loc":{"start":{"line":90,"column":76},"end":{"line":112,"column":5}}},"15":{"name":"(anonymous_23)","decl":{"start":{"line":91,"column":32},"end":{"line":91,"column":39}},"loc":{"start":{"line":91,"column":41},"end":{"line":111,"column":10}}},"16":{"name":"(anonymous_24)","decl":{"start":{"line":91,"column":41},"end":{"line":91,"column":null}},"loc":{"start":{"line":91,"column":41},"end":{"line":111,"column":9}}},"17":{"name":"(anonymous_25)","decl":{"start":{"line":114,"column":68},"end":{"line":114,"column":70}},"loc":{"start":{"line":114,"column":72},"end":{"line":131,"column":5}}},"18":{"name":"(anonymous_26)","decl":{"start":{"line":115,"column":32},"end":{"line":115,"column":39}},"loc":{"start":{"line":115,"column":41},"end":{"line":130,"column":10}}},"19":{"name":"(anonymous_27)","decl":{"start":{"line":115,"column":41},"end":{"line":115,"column":null}},"loc":{"start":{"line":115,"column":41},"end":{"line":130,"column":9}}},"20":{"name":"(anonymous_28)","decl":{"start":{"line":133,"column":71},"end":{"line":133,"column":73}},"loc":{"start":{"line":133,"column":75},"end":{"line":151,"column":5}}},"21":{"name":"(anonymous_29)","decl":{"start":{"line":134,"column":32},"end":{"line":134,"column":39}},"loc":{"start":{"line":134,"column":41},"end":{"line":150,"column":10}}},"22":{"name":"(anonymous_30)","decl":{"start":{"line":134,"column":41},"end":{"line":134,"column":null}},"loc":{"start":{"line":134,"column":41},"end":{"line":150,"column":9}}},"23":{"name":"(anonymous_31)","decl":{"start":{"line":153,"column":71},"end":{"line":153,"column":73}},"loc":{"start":{"line":153,"column":75},"end":{"line":172,"column":5}}},"24":{"name":"(anonymous_32)","decl":{"start":{"line":154,"column":32},"end":{"line":154,"column":39}},"loc":{"start":{"line":154,"column":41},"end":{"line":171,"column":10}}},"25":{"name":"(anonymous_33)","decl":{"start":{"line":154,"column":41},"end":{"line":154,"column":null}},"loc":{"start":{"line":154,"column":41},"end":{"line":171,"column":9}}},"26":{"name":"(anonymous_34)","decl":{"start":{"line":174,"column":73},"end":{"line":174,"column":75}},"loc":{"start":{"line":174,"column":77},"end":{"line":190,"column":5}}},"27":{"name":"(anonymous_35)","decl":{"start":{"line":175,"column":32},"end":{"line":175,"column":39}},"loc":{"start":{"line":175,"column":41},"end":{"line":189,"column":10}}},"28":{"name":"(anonymous_36)","decl":{"start":{"line":175,"column":41},"end":{"line":175,"column":null}},"loc":{"start":{"line":175,"column":41},"end":{"line":189,"column":9}}},"29":{"name":"(anonymous_37)","decl":{"start":{"line":192,"column":78},"end":{"line":192,"column":80}},"loc":{"start":{"line":192,"column":82},"end":{"line":211,"column":5}}},"30":{"name":"(anonymous_38)","decl":{"start":{"line":193,"column":32},"end":{"line":193,"column":39}},"loc":{"start":{"line":193,"column":41},"end":{"line":210,"column":10}}},"31":{"name":"(anonymous_39)","decl":{"start":{"line":193,"column":41},"end":{"line":193,"column":null}},"loc":{"start":{"line":193,"column":41},"end":{"line":210,"column":9}}},"32":{"name":"(anonymous_40)","decl":{"start":{"line":213,"column":81},"end":{"line":213,"column":83}},"loc":{"start":{"line":213,"column":85},"end":{"line":229,"column":5}}},"33":{"name":"(anonymous_41)","decl":{"start":{"line":214,"column":32},"end":{"line":214,"column":39}},"loc":{"start":{"line":214,"column":41},"end":{"line":228,"column":10}}},"34":{"name":"(anonymous_42)","decl":{"start":{"line":214,"column":41},"end":{"line":214,"column":null}},"loc":{"start":{"line":214,"column":41},"end":{"line":228,"column":9}}},"35":{"name":"(anonymous_43)","decl":{"start":{"line":231,"column":77},"end":{"line":231,"column":79}},"loc":{"start":{"line":231,"column":81},"end":{"line":250,"column":5}}},"36":{"name":"(anonymous_44)","decl":{"start":{"line":232,"column":32},"end":{"line":232,"column":39}},"loc":{"start":{"line":232,"column":41},"end":{"line":249,"column":10}}},"37":{"name":"(anonymous_45)","decl":{"start":{"line":232,"column":41},"end":{"line":232,"column":null}},"loc":{"start":{"line":232,"column":41},"end":{"line":249,"column":9}}},"38":{"name":"(anonymous_46)","decl":{"start":{"line":252,"column":80},"end":{"line":252,"column":82}},"loc":{"start":{"line":252,"column":84},"end":{"line":270,"column":5}}},"39":{"name":"(anonymous_47)","decl":{"start":{"line":253,"column":32},"end":{"line":253,"column":39}},"loc":{"start":{"line":253,"column":41},"end":{"line":269,"column":10}}},"40":{"name":"(anonymous_48)","decl":{"start":{"line":253,"column":41},"end":{"line":253,"column":null}},"loc":{"start":{"line":253,"column":41},"end":{"line":269,"column":9}}}},"branchMap":{},"s":{"0":1,"1":1,"2":1,"3":1,"4":1,"5":1,"6":1,"7":1,"8":1,"9":1,"10":1,"11":1,"12":1,"13":1,"14":1,"15":1,"16":1,"17":1,"18":1,"19":1,"20":1,"21":1,"22":1,"23":1,"24":1,"25":1,"26":1,"27":1,"28":1,"29":1,"30":1,"31":1,"32":1,"33":1,"34":1,"35":1,"36":1,"37":1,"38":1,"39":1,"40":1,"41":1,"42":1,"43":1,"44":1,"45":1,"46":1,"47":1,"48":1,"49":1,"50":1,"51":1,"52":1,"53":1,"54":1,"55":1,"56":1,"57":1,"58":1,"59":1,"60":1,"61":1,"62":1,"63":1,"64":1,"65":1,"66":1,"67":1,"68":1,"69":1,"70":1,"71":1,"72":1,"73":1,"74":1,"75":1,"76":1,"77":1,"78":1,"79":1,"80":1,"81":1,"82":1},"f":{"0":1,"1":1,"2":1,"3":1,"4":1,"5":1,"6":1,"7":1,"8":1,"9":1,"10":1,"11":1,"12":1,
[...]
n":null}},{"start":{"line":169,"column":10},"end":{"line":173,"column":null}}]},"32":{"loc":{"start":{"line":169,"column":10},"end":{"line":173,"column":null}},"type":"if","locations":[{"start":{"line":169,"column":10},"end":{"line":173,"column":null}},{"start":{"line":171,"column":10},"end":{"line":173,"column":null}}]},"33":{"loc":{"start":{"line":171,"column":10},"end":{"line":173,"column":null}},"type":"if","locations":[{"start":{"line":171,"column":10},"end":{"line":173,"column":null}}]},"34":{"loc":{"start":{"line":175,"column":4},"end":{"line":180,"column":null}},"type":"if","locations":[{"start":{"line":175,"column":4},"end":{"line":180,"column":null}},{"start":{"line":178,"column":9},"end":{"line":180,"column":null}}]},"35":{"loc":{"start":{"line":178,"column":9},"end":{"line":180,"column":null}},"type":"if","locations":[{"start":{"line":178,"column":9},"end":{"line":180,"column":null}}]},"36":{"loc":{"start":{"line":181,"column":4},"end":{"line":187,"column":null}},"type":"if","locations":[{"start":{"line":181,"column":4},"end":{"line":187,"column":null}},{"start":{"line":183,"column":10},"end":{"line":187,"column":null}}]},"37":{"loc":{"start":{"line":183,"column":10},"end":{"line":187,"column":null}},"type":"if","locations":[{"start":{"line":183,"column":10},"end":{"line":187,"column":null}},{"start":{"line":185,"column":10},"end":{"line":187,"column":null}}]},"38":{"loc":{"start":{"line":185,"column":10},"end":{"line":187,"column":null}},"type":"if","locations":[{"start":{"line":185,"column":10},"end":{"line":187,"column":null}}]}},"s":{"0":3,"1":3,"2":15,"3":15,"4":15,"5":15,"6":15,"7":15,"8":102,"9":15,"10":1,"11":14,"12":1,"13":1,"14":13,"15":1,"16":12,"17":1,"18":1,"19":13,"20":2,"21":2,"22":11,"23":1,"24":1,"25":13,"26":2,"27":2,"28":13,"29":2,"30":2,"31":11,"32":1,"33":1,"34":13,"35":4,"36":4,"37":13,"38":2,"39":2,"40":11,"41":1,"42":1,"43":13,"44":2,"45":2,"46":11,"47":1,"48":1,"49":13,"50":12,"51":1,"52":3,"53":3,"54":13,"55":13,"56":13,"57":13,"58":86,"59":13,"60":1,"61":12,"62":1,"63":11,"64":1,"65":10,"66":1,"67":9,"68":1,"69":8,"70":2,"71":6,"72":1,"73":5,"74":1,"75":4,"76":1,"77":3,"78":1,"79":2,"80":1,"81":1,"82":0,"83":1,"84":3,"85":3,"86":12,"87":12,"88":12,"89":12,"90":79,"91":12,"92":1,"93":11,"94":1,"95":10,"96":1,"97":9,"98":1,"99":8,"100":8,"101":1,"102":7,"103":0,"104":7,"105":1,"106":6,"107":1,"108":5,"109":1,"110":4,"111":1,"112":3,"113":1,"114":2,"115":1,"116":1,"117":3},"f":{"0":15,"1":15,"2":102,"3":13,"4":13,"5":86,"6":12,"7":12,"8":79},"b":{"0":[1],"1":[1,13],"2":[1,12],"3":[1],"4":[2,11],"5":[1],"6":[2],"7":[2,11],"8":[1],"9":[4],"10":[2,11],"11":[1],"12":[2,11],"13":[1],"14":[12,1],"15":[1],"16":[1,11],"17":[1,10],"18":[1],"19":[1,8],"20":[2],"21":[1,5],"22":[1],"23":[1,3],"24":[1],"25":[1,1],"26":[0],"27":[1],"28":[1,10],"29":[1,9],"30":[1],"31":[1,7],"32":[0,7],"33":[1],"34":[1,5],"35":[1],"36":[1,3],"37":[1,2],"38":[1]}}
,"C:\\Users\\Yogesh.P\\Documents\\Typescript_Project\\erp\\src\\middleware\\updateValidation.ts": {"path":"C:\\Users\\Yogesh.P\\Documents\\Typescript_Project\\erp\\src\\middleware\\updateValidation.ts","statementMap":{"0":{"start":{"line":2,"column":0},"end":{"line":2,"column":59}},"1":{"start":{"line":4,"column":16},"end":{"line":4,"column":24}},"2":{"start":{"line":7,"column":30},"end":{"line":43,"column":1}},"3":{"start":{"line":8,"column":25},"end":{"line":8,"column":33}},"4":{"start":{"line":9,"column":27},"end":{"line":9,"column":28}},"5":{"start":{"line":11,"column":24},"end":{"line":11,"column":32}},"6":{"start":{"line":12,"column":29},"end":{"line":12,"column":43}},"7":{"start":{"line":13,"column":23},"end":{"line":13,"column":84}},"8":{"start":{"line":13,"column":66},"end":{"line":13,"column":83}},"9":{"start":{"line":15,"column":8},"end":{"line":17,"column":null}},"10":{"start":{"line":16,"column":12},"end":{"line":16,"column":75}},"11":{"start":{"line":19,"column":8},"end":{"line":21,"column":null}},"12":{"start":{"line":20,"column":12},"end":{"line":20,"column":84}},"13":{"start":{"line":22,"column":8},"end":{"line":24,"column":null}},"14":{"start":{"line":23,"column":12},"end":{"line":23,"column":null}},"15":{"start":{"line":26,"column":8},"end":{"line":28,"column":null}},"16":{"start":{"line":27,"column":12},"end":{"line":27,"column":null}},"17":{"start":{"line":30,"column":8},"end":{"line":32,"column":null}},"18":{"start":{"line":31,"column":12},"end":{"line":31,"column":83}},"19":{"start":{"line":34,"column":8},"end":{"line":36,"column":null}},"20":{"start":{"line":35,"column":12},"end":{"line":35,"column":72}},"21":{"start":{"line":38,"column":8},"end":{"line":40,"column":null}},"22":{"start":{"line":39,"column":12},"end":{"line":39,"column":73}},"23":{"start":{"line":41,"column":8},"end":{"line":41,"column":15}},"24":{"start":{"line":7,"column":13},"end":{"line":7,"column":30}},"25":{"start":{"line":45,"column":34},"end":{"line":83,"column":1}},"26":{"start":{"line":46,"column":21},"end":{"line":46,"column":29}},"27":{"start":{"line":47,"column":23},"end":{"line":47,"column":24}},"28":{"start":{"line":49,"column":19},"end":{"line":49,"column":29}},"29":{"start":{"line":50,"column":25},"end":{"line":50,"column":39}},"30":{"start":{"line":51,"column":19},"end":{"line":51,"column":79}},"31":{"start":{"line":51,"column":61},"end":{"line":51,"column":78}},"32":{"start":{"line":53,"column":4},"end":{"line":55,"column":null}},"33":{"start":{"line":54,"column":8},"end":{"line":54,"column":101}},"34":{"start":{"line":57,"column":4},"end":{"line":59,"column":null}},"35":{"start":{"line":58,"column":8},"end":{"line":58,"column":80}},"36":{"start":{"line":61,"column":4},"end":{"line":63,"column":null}},"37":{"start":{"line":62,"column":8},"end":{"line":62,"column":null}},"38":{"start":{"line":66,"column":4},"end":{"line":68,"column":null}},"39":{"start":{"line":67,"column":8},"end":{"line":67,"column":103}},"40":{"start":{"line":70,"column":4},"end":{"line":72,"column":null}},"41":{"start":{"line":71,"column":8},"end":{"line":71,"column":105}},"42":{"start":{"line":74,"column":4},"end":{"line":76,"column":null}},"43":{"start":{"line":75,"column":8},"end":{"line":75,"column":108}},"44":{"start":{"line":78,"column":4},"end":{"line":80,"column":null}},"45":{"start":{"line":79,"column":8},"end":{"line":79,"column":107}},"46":{"start":{"line":81,"column":4},"end":{"line":81,"column":11}},"47":{"start":{"line":45,"column":13},"end":{"line":45,"column":34}},"48":{"start":{"line":85,"column":38},"end":{"line":124,"column":1}},"49":{"start":{"line":86,"column":21},"end":{"line":86,"column":29}},"50":{"start":{"line":87,"column":23},"end":{"line":87,"column":24}},"51":{"start":{"line":89,"column":23},"end":{"line":89,"column":37}},"52":{"start":{"line":90,"column":25},"end":{"line":90,"column":39}},"53":{"start":{"line":91,"column":19},"end":{"line":91,"column":83}},"54":{"start":{"line":91,"column":65},"end":{"line":91,"column":82}},"55":{"start":{"line":93,"column":4},"end":{"line":95,"column":null}},"56":{"start":{"line":94,"column":8},"end":{"line":94,"column":101}},"57":{"start":{"line":97,"column":4},"end":{"line":99,"column":null}},"58":{"start":{"line":98,"column":8},"end":{"line":98,"column":80}},"59":{"start":{"line":101,"column":4},"end":{"line":103,"column":null}},"60":{"start":{"line":102,"column":8},"end":{"line":102,"column":null}},"61":{"start":{"line":105,"column":21},"end":{"line":105,"column":91}},"62":{"start":{"line":107,"column":4},"end":{"line":111,"column":null}},"63":{"start":{"line":108,"column":8},"end":{"line":108,"column":null}},"64":{"start":{"line":109,"column":10},"end":{"line":111,"column":null}},"65":{"start":{"line":110,"column":8},"end":{"line":110,"column":null}},"66":{"start":{"line":113,"column":4},"end":{"line":115,"column":null}},"67":{"start":{"line":114,"column":8},"end":{"line":114,"column":null}},"68":{"start":{"line":117,"column":4},"end":{"line":121,"column":null}},"69":{"start":{"line":118,"column":12},"end":{"line":118,"column":94}},"70":{"start":{"line":119,"column":10},"end":{"line":121,"column":null}},"71":{"start":{"line":120,"column":8},"end":{"line":120,"column":93}},"72":{"start":{"line":123,"column":4},"end":{"line":123,"column":11}},"73":{"start":{"line":85,"column":13},"end":{"line":85,"column":38}}},"fnMap":{"0":{"name":"(anonymous_0)","decl":{"start":{"line":7,"column":30},"end":{"line":7,"column":31}},"loc":{"start":{"line":7,"column":82},"end":{"line":43,"column":1}}},"1":{"name":"(anonymous_1)","decl":{"start":{"line":13,"column":38},"end":{"line":13,"column":39}},"loc":{"start":{"line":13,"column":66},"end":{"line":13,"column":83}}},"2":{"name":"(anonymous_2)","decl":{"start":{"line":45,"column":34},"end":{"line":45,"column":35}},"loc":{"start":{"line":45,"column":86},"end":{"line":83,"column":1}}},"3":{"name":"(anonymous_3)","decl":{"start":{"line":51,"column":33},"end":{"line":51,"column":34}},"loc":{"start":{"line":51,"column":61},"end":{"line":51,"column":78}}},"4":{"name":"(anonymous_4)","decl":{"start":{"line":85,"column":38},"end":{"line":85,"column":39}},"loc":{"start":{"line":85,"column":90},"end":{"line":124,"column":1}}},"5":{"name":"(anonymous_5)","decl":{"start":{"line":91,"column":37},"end":{"line":91,"column":38}},"loc":{"start":{"line":91,"column":65},"end":{"line":91,"column":82}}}},"branchMap":{"0":{"loc":{"start":{"line":15,"column":8},"end":{"line":17,"column":null}},"type":"if","locations":[{"start":{"line":15,"column":8},"end":{"line":17,"column":null}}]},"1":{"loc":{"start":{"line":19,"column":8},"end":{"line":21,"column":null}},"type":"if","locations":[{"start":{"line":19,"column":8},"end":{"line":21,"column":null}}]},"2":{"loc":{"start":{"line":22,"column":8},"end":{"line":24,"column":null}},"type":"if","locations":[{"start":{"line":22,"column":8},"end":{"line":24,"column":null}}]},"3":{"loc":{"start":{"line":22,"column":11},"end":{"line":22,"column":64}},"type":"binary-expr","locations":[{"start":{"line":22,"column":11},"end":{"line":22,"column":26}},{"start":{"line":22,"column":30},"end":{"line":22,"column":64}}]},"4":{"loc":{"start":{"line":26,"column":8},"end":{"line":28,"column":null}},"type":"if","locations":[{"start":{"line":26,"column":8},"end":{"line":28,"column":null}}]},"5":{"loc":{"start":{"line":26,"column":11},"end":{"line":26,"column":68}},"type":"binary-expr","locations":[{"start":{"line":26,"column":11},"end":{"line":26,"column":28}},{"start":{"line":26,"column":32},"end":{"line":26,"column":68}}]},"6":{"loc":{"start":{"line":30,"column":8},"end":{"line":32,"column":null}},"type":"if","locations":[{"start":{"line":30,"column":8},"end":{"line":32,"column":null}}]},"7":{"loc":{"start":{"line":30,"column":12},"end":{"line":30,"column":73}},"type":"binary-expr","locations":[{"start":{"line":30,"column":12},"end":{"line":30,"column":31}},{"start":{"line":30,"column":35},"end":{"line":30,"column":73}}]},"8":{"loc":{"start":{"line":34,"column":8},"end":{"line":36,"column":null}},"type":"if","locations":[{"start":{"line":34,"column":8},"end":{"line":36,"column":null}}]},"9":{"loc":{"start":{"line":34,"column":11},"end":{"line":34,"column":70}},"type":"binary-expr","locations":[{"start":{"line":34,"column":11},"end":{"line":34,"column":29}},{"start":{"line":34,"column":33},"end":{"line":34,"column":70}}]},"10":{"loc":{"start":{"line":38,"column":8},"end":{"line":40,"column":null}},"type":"if","locations":[{"start":{"line":38,"column":8},"end":{"line":40,"column":null}}]},"11":{"loc":{"start":{"line":38,"column":11},"end":{"line":38,"column":72}},"type":"binary-expr","locations":[{"start":{"line":38,"column":11},"end":{"line":38,"column":30}},{"start":{"line":38,"column":34},"end":{"line":38,"column":72}}]},"12":{"loc":{"start":{"line":53,"column":4},"end":{"line":55,"column":null}},"type":"if","locations":[{"start":{"line":53,"column":4},"end":{"line":55,"column":null}}]},"13":{"loc":{"start":{"line":57,"column":4},"end":{"line":59,"column":null}},"type":"if","locations":[{"start":{"line":57,"column":4},"end":{"line":59,"column":null}}]},"14":{"loc":{"start":{"line":61,"column":4},"end":{"line":63,"column":null}},"type":"if","locations":[{"start":{"line":61,"column":4},"end":{"line":63,"column":null}}]},"15":{"loc":{"start":{"line":61,"column":7},"end":{"line":61,"column":60}},"type":"binary-expr","locations":[{"start":{"line":61,"column":7},"end":{"line":61,"column":22}},{"start":{"line":61,"column":26},"end":{"line":61,"column":60}}]},"16":{"loc":{"start":{"line":66,"column":4},"end":{"line":68,"column":null}},"type":"if","locations":[{"start":{"line":66,"column":4},"end":{"line":68,"column":null}}]},"17":{"loc":{"start":{"line":66,"column":8},"end":{"line":66,"column":69}},"type":"binary-expr","locations":[{"start":{"line":66,"column":8},"end":{"line":66,"column":27}},{"start":{"line":66,"column":31},"end":{"line":66,"column":69}}]},"18":{"loc":{"start":{"line":70,"column":4},"end":{"line":72,"column":null}},"type":"if","locations":[{"start":{"line":70,"column":4},"end":{"line":72,"column":null}}]},"19":{"loc":{"start":{"line":70,"column":8},"end":{"line":70,"column":73}},"type":"binary-expr","locations":[{"start":{"line":70,"column":8},"end":{"line":70,"column":29}},{"start":{"line":70,"column":33},"end":{"line":70,"column":73}}]},"20":{"loc":{"start":{"line":74,"column":4},"end":{"line":76,"column":null}},"type":"if","locations":[{"start":{"line":74,"column":4},"end":{"line":76,"column":null}}]},"21":{"loc":{"start":{"line":74,"column":8},"end":{"line":74,"column":79}},"type":"binary-expr","locations":[{"start":{"line":74,"column":8},"end":{"line":74,"column":32}},{"start":{"line":74,"column":36},"end":{"line":74,"column":79}}]},"22":{"loc":{"start":{"line":78,"column":4},"end":{"line":80,"column":null}},"type":"if","locations":[{"start":{"line":78,"column":4},"end":{"line":80,"column":null}}]},"23":{"loc":{"start":{"line":78,"column":8},"end":{"line":78,"column":77}},"type":"binary-expr","locations":[{"start":{"line":78,"column":8},"end":{"line":78,"column":31}},{"start":{"line":78,"column":35},"end":{"line":78,"column":77}}]},"24":{"loc":{"start":{"line":93,"column":4},"end":{"line":95,"column":null}},"type":"if","locations":[{"start":{"line":93,"column":4},"end":{"line":95,"column":null}}]},"25":{"loc":{"start":{"line":97,"column":4},"end":{"line":99,"column":null}},"type":"if","locations":[{"start":{"line":97,"column":4},"end":{"line":99,"column":null}}]},"26":{"loc":{"start":{"line":101,"column":4},"end":{"line":103,"column":null}},"type":"if","locations":[{"start":{"line":101,"column":4},"end":{"line":103,"column":null}}]},"27":{"loc":{"start":{"line":101,"column":7},"end":{"line":101,"column":60}},"type":"binary-expr","locations":[{"start":{"line":101,"column":7},"end":{"line":101,"column":22}},{"start":{"line":101,"column":26},"end":{"line":101,"column":60}}]},"28":{"loc":{"start":{"line":107,"column":4},"end":{"line":111,"column":null}},"type":"if","locations":[{"start":{"line":107,"column":4},"end":{"line":111,"column":null}},{"start":{"line":109,"column":10},"end":{"line":111,"column":null}}]},"29":{"loc":{"start":{"line":107,"column":7},"end":{"line":107,"column":66}},"type":"binary-expr","locations":[{"start":{"line":107,"column":7},"end":{"line":107,"column":25}},{"start":{"line":107,"column":29},"end":{"line":107,"column":66}}]},"30":{"loc":{"start":{"line":109,"column":10},"end":{"line":111,"column":null}},"type":"if","locations":[{"start":{"line":109,"column":10},"end":{"line":111,"column":null}}]},"31":{"loc":{"start":{"line":109,"column":13},"end":{"line":109,"column":72}},"type":"binary-expr","locations":[{"start":{"line":109,"column":13},"end":{"line":109,"column":31}},{"start":{"line":109,"column":35},"end":{"line":109,"column":72}}]},"32":{"loc":{"start":{"line":113,"column":4},"end":{"line":115,"column":null}},"type":"if","locations":[{"start":{"line":113,"column":4},"end":{"line":115,"column":null}}]},"33":{"loc":{"start":{"line":113,"column":7},"end":{"line":113,"column":70}},"type":"binary-expr","locations":[{"start":{"line":113,"column":7},"end":{"line":113,"column":27}},{"start":{"line":113,"column":31},"end":{"line":113,"column":70}}]},"34":{"loc":{"start":{"line":117,"column":4},"end":{"line":121,"column":null}},"type":"if","locations":[{"start":{"line":117,"column":4},"end":{"line":121,"column":null}},{"start":{"line":119,"column":10},"end":{"line":121,"column":null}}]},"35":{"loc":{"start":{"line":117,"column":7},"end":{"line":117,"column":66}},"type":"binary-expr","locations":[{"start":{"line":117,"column":7},"end":{"line":117,"column":25}},{"start":{"line":117,"column":29},"end":{"line":117,"column":66}}]},"36":{"loc":{"start":{"line":119,"column":10},"end":{"line":121,"column":null}},"type":"if","locations":[{"start":{"line":119,"column":10},"end":{"line":121,"column":null}}]},"37":{"loc":{"start":{"line":119,"column":13},"end":{"line":119,"column":90}},"type":"binary-expr","locations":[{"start":{"line":119,"column":13},"end":{"line":119,"column":31}},{"start":{"line":119,"column":35},"end":{"line":119,"column":90}}]}},"s":{"0":3,"1":3,"2":3,"3":8,"4":8,"5":8,"6":8,"7":8,"8":28,"9":8,"10":1,"11":7,"12":1,"13":6,"14":1,"15":5,"16":1,"17":4,"18":1,"19":3,"20":1,"21":2,"22":1,"23":1,"24":3,"25":3,"26":8,"27":8,"28":8,"29":8,"30":8,"31":28,"32":8,"33":1,"34":7,"35":1,"36":6,"37":1,"38":5,"39":1,"40":4,"41":1,"42":3,"43":1,"44":2,"45":1,"46":1,"47":3,"48":3,"49":9,"50":9,"51":9,"52":9,"53":9,"54":31,"55":9,"56":1,"57":8,"58":1,"59":7,"60":1,"61":6,"62":6,"63":1,"64":5,"65":1,"66":4,"67":1,"68":3,"69":1,"70":2,"71":1,"72":1,"73":3},"f":{"0":8,"1":28,"2":8,"3":28,"4":9,"5":31},"b":{"0":[1],"1":[1],"2":[1],"3":[6,1],"4":[1],"5":[5,1],"6":[1],"7":[4,2],"8":[1],"9":[3,2],"10":[1],"11":[2,2],"12":[1],"13":[1],"14":[1],"15":[6,1],"16":[1],"17":[5,2],"18":[1],"19":[4,1],"20":[1],"21":[3,1],"22":[1],"23":[2,1],"24":[1],"25":[1],"26":[1],"27":[7,1],"28":[1,5],"29":[6,2],"30":[1],"31":[5,1],"32":[1],"33":[4,2],"34":[1,2],"35":[3,2],"36":[1],"37":[2,1]}}
,"C:\\Users\\Yogesh.P\\Documents\\Typescript_Project\\erp\\src\\routes\\erp-routes.ts": {"path":"C:\\Users\\Yogesh.P\\Documents\\Typescript_Project\\erp\\src\\routes\\erp-routes.ts","statementMap":{"0":{"start":{"line":1,"column":0},"end":{"line":1,"column":61}},"1":{"start":{"line":2,"column":13},"end":{"line":2,"column":39}},"2":{"start":{"line":3,"column":0},"end":{"line":3,"column":null}},"3":{"start":{"line":6,"column":0},"end":{"line":6,"column":60}},"4":{"start":{"line":7,"column":0},"end":{"line":7,"column":60}},"5":{"start":{"line":8,"column":0},"end":{"line":8,"column":60}},"6":{"start":{"line":9,"column":0},"end":{"line":9,"column":56}},"7":{"start":{"line":10,"column":0},"end":{"line":10,"column":93}},"8":{"start":{"line":11,"column":0},"end":{"line":11,"column":108}},"9":{"start":{"line":13,"column":0},"end":{"line":13,"column":30}},"10":{"start":{"line":14,"column":0},"end":{"line":14,"column":31}},"11":{"start":{"line":15,"column":0},"end":{"line":15,"column":45}},"12":{"start":{"line":16,"column":0},"end":{"line":16,"column":39}},"13":{"start":{"line":17,"column":0},"end":{"line":17,"column":54}},"14":{"start":{"line":18,"column":0},"end":{"line":18,"column":42}},"15":{"start":{"line":19,"column":0},"end":{"line":19,"column":42}},"16":{"start":{"line":20,"column":0},"end":{"line":20,"column":51}},"17":{"start":{"line":21,"column":0},"end":{"line":21,"column":61}},"18":{"start":{"line":22,"column":0},"end":{"line":22,"column":43}},"19":{"start":{"line":23,"column":0},"end":{"line":23,"column":37}},"20":{"start":{"line":24,"column":0},"end":{"line":24,"column":46}},"21":{"start":{"line":25,"column":0},"end":{"line":25,"column":60}},"22":{"start":{"line":26,"column":0},"end":{"line":26,"column":70}},"23":{"start":{"line":27,"column":0},"end":{"line":27,"column":47}}},"fnMap":{},"branchMap":{},"s":{"0":3,"1":3,"2":3,"3":3,"4":3,"5":3,"6":3,"7":3,"8":3,"9":3,"10":3,"11":3,"12":3,"13":3,"14":3,"15":3,"16":3,"17":3,"18":3,"19":3,"20":3,"21":3,"22":3,"23":3},"f":{},"b":{}}
}
