TN:
SF:src\server.ts
FN:3,createServer
FNF:1
FNH:1
FNDA:15,createServer
DA:1,3
DA:2,3
DA:4,15
DA:6,15
DA:8,15
DA:9,15
DA:13,3
LF:7
LH:7
BRF:0
BRH:0
end_of_record
TN:
SF:src\__tests__\empDataTests\createEmp.ts
FN:5,createEmpTest
FN:6,(anonymous_9)
FN:7,(anonymous_10)
FN:8,(anonymous_11)
FN:9,(anonymous_12)
FN:9,(anonymous_13)
FN:33,(anonymous_14)
FN:34,(anonymous_15)
FN:34,(anonymous_16)
FN:42,(anonymous_17)
FN:43,(anonymous_18)
FN:43,(anonymous_19)
FN:53,(anonymous_20)
FN:54,(anonymous_21)
FN:54,(anonymous_22)
FN:74,(anonymous_23)
FN:75,(anonymous_24)
FN:75,(anonymous_25)
FN:85,(anonymous_26)
FN:86,(anonymous_27)
FN:86,(anonymous_28)
FN:106,(anonymous_29)
FN:107,(anonymous_30)
FN:107,(anonymous_31)
FN:128,(anonymous_32)
FN:129,(anonymous_33)
FN:129,(anonymous_34)
FN:149,(anonymous_35)
FN:150,(anonymous_36)
FN:150,(anonymous_37)
FN:165,(anonymous_38)
FN:166,(anonymous_39)
FN:166,(anonymous_40)
FN:182,(anonymous_41)
FN:183,(anonymous_42)
FN:183,(anonymous_43)
FN:203,(anonymous_44)
FN:204,(anonymous_45)
FN:204,(anonymous_46)
FN:224,(anonymous_47)
FN:225,(anonymous_48)
FN:225,(anonymous_49)
FN:245,(anonymous_50)
FN:246,(anonymous_51)
FN:246,(anonymous_52)
FN:266,(anonymous_53)
FN:267,(anonymous_54)
FN:267,(anonymous_55)
FNF:48
FNH:48
FNDA:1,createEmpTest
FNDA:1,(anonymous_9)
FNDA:1,(anonymous_10)
FNDA:1,(anonymous_11)
FNDA:1,(anonymous_12)
FNDA:1,(anonymous_13)
FNDA:1,(anonymous_14)
FNDA:1,(anonymous_15)
FNDA:1,(anonymous_16)
FNDA:1,(anonymous_17)
FNDA:1,(anonymous_18)
FNDA:1,(anonymous_19)
FNDA:1,(anonymous_20)
FNDA:1,(anonymous_21)
FNDA:1,(anonymous_22)
FNDA:1,(anonymous_23)
FNDA:1,(anonymous_24)
FNDA:1,(anonymous_25)
FNDA:1,(anonymous_26)
FNDA:1,(anonymous_27)
FNDA:1,(anonymous_28)
FNDA:1,(anonymous_29)
FNDA:1,(anonymous_30)
FNDA:1,(anonymous_31)
FNDA:1,(anonymous_32)
FNDA:1,(anonymous_33)
FNDA:1,(anonymous_34)
FNDA:1,(anonymous_35)
FNDA:1,(anonymous_36)
FNDA:1,(anonymous_37)
FNDA:1,(anonymous_38)
FNDA:1,(anonymous_39)
FNDA:1,(anonymous_40)
FNDA:1,(anonymous_41)
FNDA:1,(anonymous_42)
FNDA:1,(anonymous_43)
FNDA:1,(anonymous_44)
FNDA:1,(anonymous_45)
FNDA:1,(anonymous_46)
FNDA:1,(anonymous_47)
FNDA:1,(anonymous_48)
FNDA:1,(anonymous_49)
FNDA:1,(anonymous_50)
FNDA:1,(anonymous_51)
FNDA:1,(anonymous_52)
FNDA:1,(anonymous_53)
FNDA:1,(anonymous_54)
FNDA:1,(anonymous_55)
DA:1,1
DA:2,1
DA:3,1
DA:5,1
DA:6,1
DA:7,1
DA:8,1
DA:9,1
DA:10,1
DA:25,1
DA:27,1
DA:33,1
DA:34,1
DA:35,1
DA:36,1
DA:38,1
DA:42,1
DA:43,1
DA:44,1
DA:47,1
DA:49,1
DA:53,1
DA:54,1
DA:55,1
DA:68,1
DA:70,1
DA:74,1
DA:75,1
DA:76,1
DA:79,1
DA:81,1
DA:85,1
DA:86,1
DA:87,1
DA:100,1
DA:102,1
DA:106,1
DA:107,1
DA:108,1
DA:122,1
DA:124,1
DA:128,1
DA:129,1
DA:130,1
DA:143,1
DA:145,1
DA:149,1
DA:150,1
DA:151,1
DA:159,1
DA:161,1
DA:165,1
DA:166,1
DA:167,1
DA:176,1
DA:178,1
DA:182,1
DA:183,1
DA:184,1
DA:197,1
DA:199,1
DA:203,1
DA:204,1
DA:205,1
DA:218,1
DA:220,1
DA:224,1
DA:225,1
DA:226,1
DA:239,1
DA:241,1
DA:245,1
DA:246,1
DA:247,1
DA:260,1
DA:262,1
DA:266,1
DA:267,1
DA:268,1
DA:281,1
DA:283,1
LF:81
LH:81
BRF:0
BRH:0
end_of_record
TN:
SF:src\__tests__\empDataTests\deleteEmp.ts
FN:5,deleteEmpTest
FN:6,(anonymous_9)
FN:7,(anonymous_10)
FN:8,(anonymous_11)
FN:9,(anonymous_12)
FN:9,(anonymous_13)
FN:19,(anonymous_14)
FN:20,(anonymous_15)
FN:20,(anonymous_16)
FNF:9
FNH:9
FNDA:1,deleteEmpTest
FNDA:1,(anonymous_9)
FNDA:1,(anonymous_10)
FNDA:1,(anonymous_11)
FNDA:1,(anonymous_12)
FNDA:1,(anonymous_13)
FNDA:1,(anonymous_14)
FNDA:1,(anonymous_15)
FNDA:1,(anonymous_16)
DA:1,1
DA:2,1
DA:3,1
DA:5,1
DA:6,1
DA:7,1
DA:8,1
DA:9,1
DA:10,1
DA:12,1
DA:13,1
DA:19,1
DA:20,1
DA:21,1
DA:23,1
LF:15
LH:15
BRF:0
BRH:0
end_of_record
TN:
SF:src\__tests__\empDataTests\readAllEmp.ts
FN:7,readAllEmpTest
FN:8,(anonymous_9)
FN:9,(anonymous_10)
FN:10,(anonymous_11)
FN:10,(anonymous_12)
FNF:5
FNH:5
FNDA:1,readAllEmpTest
FNDA:1,(anonymous_9)
FNDA:1,(anonymous_10)
FNDA:1,(anonymous_11)
FNDA:1,(anonymous_12)
DA:1,1
DA:2,1
DA:3,1
DA:4,1
DA:7,1
DA:8,1
DA:9,1
DA:10,1
DA:11,1
DA:12,1
DA:13,1
LF:11
LH:11
BRF:0
BRH:0
end_of_record
TN:
SF:src\__tests__\empDataTests\readEmp.ts
FN:5,readEmpTest
FN:6,(anonymous_9)
FN:7,(anonymous_10)
FN:8,(anonymous_11)
FN:9,(anonymous_12)
FN:9,(anonymous_13)
FN:32,(anonymous_14)
FN:33,(anonymous_15)
FN:33,(anonymous_16)
FNF:9
FNH:9
FNDA:1,readEmpTest
FNDA:1,(anonymous_9)
FNDA:1,(anonymous_10)
FNDA:1,(anonymous_11)
FNDA:1,(anonymous_12)
FNDA:1,(anonymous_13)
FNDA:1,(anonymous_14)
FNDA:1,(anonymous_15)
FNDA:1,(anonymous_16)
DA:1,1
DA:2,1
DA:3,1
DA:5,1
DA:6,1
DA:7,1
DA:8,1
DA:9,1
DA:11,1
DA:25,1
DA:26,1
DA:32,1
DA:33,1
DA:34,1
DA:36,1
LF:15
LH:15
BRF:0
BRH:0
end_of_record
TN:
SF:src\__tests__\empDataTests\updateEmp.ts
FN:5,updateEmpTest
FN:6,(anonymous_9)
FN:7,(anonymous_10)
FN:8,(anonymous_11)
FN:9,(anonymous_12)
FN:9,(anonymous_13)
FN:27,(anonymous_14)
FN:28,(anonymous_15)
FN:28,(anonymous_16)
FN:38,(anonymous_17)
FN:39,(anonymous_18)
FN:39,(anonymous_19)
FN:49,(anonymous_20)
FN:50,(anonymous_21)
FN:50,(anonymous_22)
FN:62,(anonymous_23)
FN:63,(anonymous_24)
FN:63,(anonymous_25)
FN:75,(anonymous_26)
FN:76,(anonymous_27)
FN:76,(anonymous_28)
FN:88,(anonymous_29)
FN:89,(anonymous_30)
FN:89,(anonymous_31)
FN:101,(anonymous_32)
FN:102,(anonymous_33)
FN:102,(anonymous_34)
FNF:27
FNH:27
FNDA:1,updateEmpTest
FNDA:1,(anonymous_9)
FNDA:1,(anonymous_10)
FNDA:1,(anonymous_11)
FNDA:1,(anonymous_12)
FNDA:1,(anonymous_13)
FNDA:1,(anonymous_14)
FNDA:1,(anonymous_15)
FNDA:1,(anonymous_16)
FNDA:1,(anonymous_17)
FNDA:1,(anonymous_18)
FNDA:1,(anonymous_19)
FNDA:1,(anonymous_20)
FNDA:1,(anonymous_21)
FNDA:1,(anonymous_22)
FNDA:1,(anonymous_23)
FNDA:1,(anonymous_24)
FNDA:1,(anonymous_25)
FNDA:1,(anonymous_26)
FNDA:1,(anonymous_27)
FNDA:1,(anonymous_28)
FNDA:1,(anonymous_29)
FNDA:1,(anonymous_30)
FNDA:1,(anonymous_31)
FNDA:1,(anonymous_32)
FNDA:1,(anonymous_33)
FNDA:1,(anonymous_34)
DA:1,1
DA:2,1
DA:3,1
DA:5,1
DA:6,1
DA:7,1
DA:8,1
DA:9,1
DA:10,1
DA:11,1
DA:20,1
DA:21,1
DA:27,1
DA:28,1
DA:29,1
DA:30,1
DA:32,1
DA:34,1
DA:38,1
DA:39,1
DA:40,1
DA:41,1
DA:43,1
DA:45,1
DA:49,1
DA:50,1
DA:51,1
DA:52,1
DA:56,1
DA:58,1
DA:62,1
DA:63,1
DA:64,1
DA:65,1
DA:69,1
DA:71,1
DA:75,1
DA:76,1
DA:77,1
DA:78,1
DA:82,1
DA:84,1
DA:88,1
DA:89,1
DA:90,1
DA:91,1
DA:95,1
DA:97,1
DA:101,1
DA:102,1
DA:103,1
DA:104,1
DA:108,1
DA:110,1
LF:54
LH:54
BRF:0
BRH:0
end_of_record
TN:
SF:src\__tests__\persDataTests\createPers.ts
FN:5,createPersTest
FN:6,(anonymous_9)
FN:7,(anonymous_10)
FN:8,(anonymous_11)
FN:8,(anonymous_12)
FN:22,(anonymous_13)
FN:23,(anonymous_14)
FN:23,(anonymous_15)
FN:31,(anonymous_16)
FN:32,(anonymous_17)
FN:32,(anonymous_18)
FN:44,(anonymous_19)
FN:45,(anonymous_20)
FN:45,(anonymous_21)
FN:58,(anonymous_22)
FN:59,(anonymous_23)
FN:59,(anonymous_24)
FN:72,(anonymous_25)
FN:73,(anonymous_26)
FN:73,(anonymous_27)
FN:85,(anonymous_28)
FN:86,(anonymous_29)
FN:86,(anonymous_30)
FN:99,(anonymous_31)
FN:100,(anonymous_32)
FN:100,(anonymous_33)
FN:112,(anonymous_34)
FN:113,(anonymous_35)
FN:113,(anonymous_36)
FN:126,(anonymous_37)
FN:127,(anonymous_38)
FN:127,(anonymous_39)
FN:139,(anonymous_40)
FN:140,(anonymous_41)
FN:140,(anonymous_42)
FN:152,(anonymous_43)
FN:153,(anonymous_44)
FN:153,(anonymous_45)
FNF:38
FNH:38
FNDA:1,createPersTest
FNDA:1,(anonymous_9)
FNDA:1,(anonymous_10)
FNDA:1,(anonymous_11)
FNDA:1,(anonymous_12)
FNDA:1,(anonymous_13)
FNDA:1,(anonymous_14)
FNDA:1,(anonymous_15)
FNDA:1,(anonymous_16)
FNDA:1,(anonymous_17)
FNDA:1,(anonymous_18)
FNDA:1,(anonymous_19)
FNDA:1,(anonymous_20)
FNDA:1,(anonymous_21)
FNDA:1,(anonymous_22)
FNDA:1,(anonymous_23)
FNDA:1,(anonymous_24)
FNDA:1,(anonymous_25)
FNDA:1,(anonymous_26)
FNDA:1,(anonymous_27)
FNDA:1,(anonymous_28)
FNDA:1,(anonymous_29)
FNDA:1,(anonymous_30)
FNDA:1,(anonymous_31)
FNDA:1,(anonymous_32)
FNDA:1,(anonymous_33)
FNDA:1,(anonymous_34)
FNDA:1,(anonymous_35)
FNDA:1,(anonymous_36)
FNDA:1,(anonymous_37)
FNDA:1,(anonymous_38)
FNDA:1,(anonymous_39)
FNDA:1,(anonymous_40)
FNDA:1,(anonymous_41)
FNDA:1,(anonymous_42)
FNDA:1,(anonymous_43)
FNDA:1,(anonymous_44)
FNDA:1,(anonymous_45)
DA:1,1
DA:2,1
DA:3,1
DA:5,1
DA:6,1
DA:7,1
DA:8,1
DA:9,1
DA:16,1
DA:17,1
DA:22,1
DA:23,1
DA:24,1
DA:26,1
DA:27,1
DA:31,1
DA:32,1
DA:33,1
DA:39,1
DA:40,1
DA:44,1
DA:45,1
DA:46,1
DA:53,1
DA:54,1
DA:58,1
DA:59,1
DA:60,1
DA:67,1
DA:68,1
DA:72,1
DA:73,1
DA:74,1
DA:80,1
DA:81,1
DA:85,1
DA:86,1
DA:87,1
DA:94,1
DA:95,1
DA:99,1
DA:100,1
DA:101,1
DA:107,1
DA:108,1
DA:112,1
DA:113,1
DA:114,1
DA:121,1
DA:122,1
DA:126,1
DA:127,1
DA:128,1
DA:134,1
DA:135,1
DA:139,1
DA:140,1
DA:141,1
DA:147,1
DA:148,1
DA:152,1
DA:153,1
DA:154,1
DA:160,1
DA:161,1
LF:65
LH:65
BRF:0
BRH:0
end_of_record
TN:
SF:src\__tests__\persDataTests\deletePers.ts
FN:6,deletePersTest
FN:7,(anonymous_9)
FN:8,(anonymous_10)
FN:9,(anonymous_11)
FN:9,(anonymous_12)
FN:17,(anonymous_13)
FN:18,(anonymous_14)
FN:18,(anonymous_15)
FNF:8
FNH:8
FNDA:1,deletePersTest
FNDA:1,(anonymous_9)
FNDA:1,(anonymous_10)
FNDA:1,(anonymous_11)
FNDA:1,(anonymous_12)
FNDA:1,(anonymous_13)
FNDA:1,(anonymous_14)
FNDA:1,(anonymous_15)
DA:1,1
DA:2,1
DA:3,1
DA:6,1
DA:7,1
DA:8,1
DA:9,1
DA:10,1
DA:11,1
DA:12,1
DA:17,1
DA:18,1
DA:19,1
DA:21,1
LF:14
LH:14
BRF:0
BRH:0
end_of_record
TN:
SF:src\__tests__\persDataTests\readAllPers.ts
FN:7,readAllPersTest
FN:8,(anonymous_9)
FN:9,(anonymous_10)
FN:9,(anonymous_11)
FNF:4
FNH:4
FNDA:1,readAllPersTest
FNDA:1,(anonymous_9)
FNDA:1,(anonymous_10)
FNDA:1,(anonymous_11)
DA:1,1
DA:2,1
DA:3,1
DA:4,1
DA:7,1
DA:8,1
DA:9,1
DA:10,1
DA:11,1
DA:12,1
LF:10
LH:10
BRF:0
BRH:0
end_of_record
TN:
SF:src\__tests__\persDataTests\readPers.ts
FN:6,readPersTest
FN:7,(anonymous_9)
FN:8,(anonymous_10)
FN:9,(anonymous_11)
FN:9,(anonymous_12)
FN:23,(anonymous_13)
FN:24,(anonymous_14)
FN:24,(anonymous_15)
FNF:8
FNH:8
FNDA:1,readPersTest
FNDA:1,(anonymous_9)
FNDA:1,(anonymous_10)
FNDA:1,(anonymous_11)
FNDA:1,(anonymous_12)
FNDA:1,(anonymous_13)
FNDA:1,(anonymous_14)
FNDA:1,(anonymous_15)
DA:1,1
DA:2,1
DA:3,1
DA:6,1
DA:7,1
DA:8,1
DA:9,1
DA:11,1
DA:17,1
DA:18,1
DA:23,1
DA:24,1
DA:25,1
DA:27,1
LF:14
LH:14
BRF:0
BRH:0
end_of_record
TN:
SF:src\__tests__\persDataTests\updatePers.ts
FN:6,updatePersTest
FN:7,(anonymous_9)
FN:8,(anonymous_10)
FN:9,(anonymous_11)
FN:9,(anonymous_12)
FN:21,(anonymous_13)
FN:22,(anonymous_14)
FN:22,(anonymous_15)
FN:30,(anonymous_16)
FN:31,(anonymous_17)
FN:31,(anonymous_18)
FN:39,(anonymous_19)
FN:40,(anonymous_20)
FN:40,(anonymous_21)
FN:50,(anonymous_22)
FN:51,(anonymous_23)
FN:51,(anonymous_24)
FN:61,(anonymous_25)
FN:62,(anonymous_26)
FN:62,(anonymous_27)
FN:72,(anonymous_28)
FN:73,(anonymous_29)
FN:73,(anonymous_30)
FN:83,(anonymous_31)
FN:84,(anonymous_32)
FN:84,(anonymous_33)
FN:94,(anonymous_34)
FN:95,(anonymous_35)
FN:95,(anonymous_36)
FNF:29
FNH:29
FNDA:1,updatePersTest
FNDA:1,(anonymous_9)
FNDA:1,(anonymous_10)
FNDA:1,(anonymous_11)
FNDA:1,(anonymous_12)
FNDA:1,(anonymous_13)
FNDA:1,(anonymous_14)
FNDA:1,(anonymous_15)
FNDA:1,(anonymous_16)
FNDA:1,(anonymous_17)
FNDA:1,(anonymous_18)
FNDA:1,(anonymous_19)
FNDA:1,(anonymous_20)
FNDA:1,(anonymous_21)
FNDA:1,(anonymous_22)
FNDA:1,(anonymous_23)
FNDA:1,(anonymous_24)
FNDA:1,(anonymous_25)
FNDA:1,(anonymous_26)
FNDA:1,(anonymous_27)
FNDA:1,(anonymous_28)
FNDA:1,(anonymous_29)
FNDA:1,(anonymous_30)
FNDA:1,(anonymous_31)
FNDA:1,(anonymous_32)
FNDA:1,(anonymous_33)
FNDA:1,(anonymous_34)
FNDA:1,(anonymous_35)
FNDA:1,(anonymous_36)
DA:1,1
DA:2,1
DA:3,1
DA:6,1
DA:7,1
DA:8,1
DA:9,1
DA:10,1
DA:11,1
DA:15,1
DA:16,1
DA:21,1
DA:22,1
DA:23,1
DA:24,1
DA:25,1
DA:26,1
DA:30,1
DA:31,1
DA:32,1
DA:33,1
DA:34,1
DA:35,1
DA:39,1
DA:40,1
DA:41,1
DA:44,1
DA:45,1
DA:46,1
DA:50,1
DA:51,1
DA:52,1
DA:55,1
DA:56,1
DA:57,1
DA:61,1
DA:62,1
DA:63,1
DA:66,1
DA:67,1
DA:68,1
DA:72,1
DA:73,1
DA:74,1
DA:77,1
DA:78,1
DA:79,1
DA:83,1
DA:84,1
DA:85,1
DA:88,1
DA:89,1
DA:90,1
DA:94,1
DA:95,1
DA:96,1
DA:99,1
DA:100,1
DA:101,1
LF:59
LH:59
BRF:0
BRH:0
end_of_record
TN:
SF:src\__tests__\profDataTests\createProf.ts
FN:6,createProfTest
FN:7,(anonymous_9)
FN:8,(anonymous_10)
FN:9,(anonymous_11)
FN:9,(anonymous_12)
FN:35,(anonymous_13)
FN:36,(anonymous_14)
FN:36,(anonymous_15)
FN:43,(anonymous_16)
FN:44,(anonymous_17)
FN:44,(anonymous_18)
FN:66,(anonymous_19)
FN:67,(anonymous_20)
FN:67,(anonymous_21)
FN:90,(anonymous_22)
FN:91,(anonymous_23)
FN:91,(anonymous_24)
FN:114,(anonymous_25)
FN:115,(anonymous_26)
FN:115,(anonymous_27)
FN:133,(anonymous_28)
FN:134,(anonymous_29)
FN:134,(anonymous_30)
FN:153,(anonymous_31)
FN:154,(anonymous_32)
FN:154,(anonymous_33)
FN:174,(anonymous_34)
FN:175,(anonymous_35)
FN:175,(anonymous_36)
FN:192,(anonymous_37)
FN:193,(anonymous_38)
FN:193,(anonymous_39)
FN:213,(anonymous_40)
FN:214,(anonymous_41)
FN:214,(anonymous_42)
FN:231,(anonymous_43)
FN:232,(anonymous_44)
FN:232,(anonymous_45)
FN:252,(anonymous_46)
FN:253,(anonymous_47)
FN:253,(anonymous_48)
FNF:41
FNH:41
FNDA:1,createProfTest
FNDA:1,(anonymous_9)
FNDA:1,(anonymous_10)
FNDA:1,(anonymous_11)
FNDA:1,(anonymous_12)
FNDA:1,(anonymous_13)
FNDA:1,(anonymous_14)
FNDA:1,(anonymous_15)
FNDA:1,(anonymous_16)
FNDA:1,(anonymous_17)
FNDA:1,(anonymous_18)
FNDA:1,(anonymous_19)
FNDA:1,(anonymous_20)
FNDA:1,(anonymous_21)
FNDA:1,(anonymous_22)
FNDA:1,(anonymous_23)
FNDA:1,(anonymous_24)
FNDA:1,(anonymous_25)
FNDA:1,(anonymous_26)
FNDA:1,(anonymous_27)
FNDA:1,(anonymous_28)
FNDA:1,(anonymous_29)
FNDA:1,(anonymous_30)
FNDA:1,(anonymous_31)
FNDA:1,(anonymous_32)
FNDA:1,(anonymous_33)
FNDA:1,(anonymous_34)
FNDA:1,(anonymous_35)
FNDA:1,(anonymous_36)
FNDA:1,(anonymous_37)
FNDA:1,(anonymous_38)
FNDA:1,(anonymous_39)
FNDA:1,(anonymous_40)
FNDA:1,(anonymous_41)
FNDA:1,(anonymous_42)
FNDA:1,(anonymous_43)
FNDA:1,(anonymous_44)
FNDA:1,(anonymous_45)
FNDA:1,(anonymous_46)
FNDA:1,(anonymous_47)
FNDA:1,(anonymous_48)
DA:1,1
DA:2,1
DA:3,1
DA:6,1
DA:7,1
DA:8,1
DA:9,1
DA:10,1
DA:28,1
DA:30,1
DA:35,1
DA:36,1
DA:37,1
DA:38,1
DA:39,1
DA:43,1
DA:44,1
DA:45,1
DA:61,1
DA:62,1
DA:66,1
DA:67,1
DA:68,1
DA:85,1
DA:86,1
DA:90,1
DA:91,1
DA:92,1
DA:109,1
DA:110,1
DA:114,1
DA:115,1
DA:116,1
DA:128,1
DA:129,1
DA:133,1
DA:134,1
DA:135,1
DA:148,1
DA:149,1
DA:153,1
DA:154,1
DA:155,1
DA:169,1
DA:170,1
DA:174,1
DA:175,1
DA:176,1
DA:187,1
DA:188,1
DA:192,1
DA:193,1
DA:194,1
DA:208,1
DA:209,1
DA:213,1
DA:214,1
DA:215,1
DA:226,1
DA:227,1
DA:231,1
DA:232,1
DA:233,1
DA:247,1
DA:248,1
DA:252,1
DA:253,1
DA:254,1
DA:267,1
DA:268,1
LF:70
LH:70
BRF:0
BRH:0
end_of_record
TN:
SF:src\__tests__\profDataTests\deleteProf.ts
FN:6,deleteProfTest
FN:7,(anonymous_9)
FN:8,(anonymous_10)
FN:9,(anonymous_11)
FN:9,(anonymous_12)
FN:17,(anonymous_13)
FN:18,(anonymous_14)
FN:18,(anonymous_15)
FNF:8
FNH:8
FNDA:1,deleteProfTest
FNDA:1,(anonymous_9)
FNDA:1,(anonymous_10)
FNDA:1,(anonymous_11)
FNDA:1,(anonymous_12)
FNDA:1,(anonymous_13)
FNDA:1,(anonymous_14)
FNDA:1,(anonymous_15)
DA:1,1
DA:2,1
DA:3,1
DA:6,1
DA:7,1
DA:8,1
DA:9,1
DA:10,1
DA:11,1
DA:12,1
DA:17,1
DA:18,1
DA:19,1
DA:21,1
LF:14
LH:14
BRF:0
BRH:0
end_of_record
TN:
SF:src\__tests__\profDataTests\readAllProf.ts
FN:7,readAllProfTest
FN:8,(anonymous_9)
FN:9,(anonymous_10)
FN:9,(anonymous_11)
FNF:4
FNH:4
FNDA:1,readAllProfTest
FNDA:1,(anonymous_9)
FNDA:1,(anonymous_10)
FNDA:1,(anonymous_11)
DA:1,1
DA:2,1
DA:3,1
DA:4,1
DA:7,1
DA:8,1
DA:9,1
DA:10,1
DA:11,1
DA:12,1
LF:10
LH:10
BRF:0
BRH:0
end_of_record
TN:
SF:src\__tests__\profDataTests\readProf.ts
FN:6,readProfTest
FN:7,(anonymous_9)
FN:8,(anonymous_10)
FN:9,(anonymous_11)
FN:9,(anonymous_12)
FN:37,(anonymous_13)
FN:38,(anonymous_14)
FN:38,(anonymous_15)
FNF:8
FNH:8
FNDA:1,readProfTest
FNDA:1,(anonymous_9)
FNDA:1,(anonymous_10)
FNDA:1,(anonymous_11)
FNDA:1,(anonymous_12)
FNDA:1,(anonymous_13)
FNDA:1,(anonymous_14)
FNDA:1,(anonymous_15)
DA:1,1
DA:2,1
DA:3,1
DA:6,1
DA:7,1
DA:8,1
DA:9,1
DA:11,1
DA:31,1
DA:32,1
DA:37,1
DA:38,1
DA:39,1
DA:41,1
LF:14
LH:14
BRF:0
BRH:0
end_of_record
TN:
SF:src\__tests__\profDataTests\updateProf.ts
FN:6,updateProfTest
FN:7,(anonymous_9)
FN:8,(anonymous_10)
FN:9,(anonymous_11)
FN:9,(anonymous_12)
FN:24,(anonymous_13)
FN:25,(anonymous_14)
FN:25,(anonymous_15)
FN:33,(anonymous_16)
FN:34,(anonymous_17)
FN:34,(anonymous_18)
FN:42,(anonymous_19)
FN:43,(anonymous_20)
FN:43,(anonymous_21)
FN:53,(anonymous_22)
FN:54,(anonymous_23)
FN:54,(anonymous_24)
FN:64,(anonymous_25)
FN:65,(anonymous_26)
FN:65,(anonymous_27)
FN:75,(anonymous_28)
FN:76,(anonymous_29)
FN:76,(anonymous_30)
FN:86,(anonymous_31)
FN:87,(anonymous_32)
FN:87,(anonymous_33)
FNF:26
FNH:26
FNDA:1,updateProfTest
FNDA:1,(anonymous_9)
FNDA:1,(anonymous_10)
FNDA:1,(anonymous_11)
FNDA:1,(anonymous_12)
FNDA:1,(anonymous_13)
FNDA:1,(anonymous_14)
FNDA:1,(anonymous_15)
FNDA:1,(anonymous_16)
FNDA:1,(anonymous_17)
FNDA:1,(anonymous_18)
FNDA:1,(anonymous_19)
FNDA:1,(anonymous_20)
FNDA:1,(anonymous_21)
FNDA:1,(anonymous_22)
FNDA:1,(anonymous_23)
FNDA:1,(anonymous_24)
FNDA:1,(anonymous_25)
FNDA:1,(anonymous_26)
FNDA:1,(anonymous_27)
FNDA:1,(anonymous_28)
FNDA:1,(anonymous_29)
FNDA:1,(anonymous_30)
FNDA:1,(anonymous_31)
FNDA:1,(anonymous_32)
FNDA:1,(anonymous_33)
DA:1,1
DA:2,1
DA:3,1
DA:6,1
DA:7,1
DA:8,1
DA:9,1
DA:10,1
DA:11,1
DA:18,1
DA:19,1
DA:24,1
DA:25,1
DA:26,1
DA:27,1
DA:28,1
DA:29,1
DA:33,1
DA:34,1
DA:35,1
DA:36,1
DA:37,1
DA:38,1
DA:42,1
DA:43,1
DA:44,1
DA:47,1
DA:48,1
DA:49,1
DA:53,1
DA:54,1
DA:55,1
DA:58,1
DA:59,1
DA:60,1
DA:64,1
DA:65,1
DA:66,1
DA:69,1
DA:70,1
DA:71,1
DA:75,1
DA:76,1
DA:77,1
DA:80,1
DA:81,1
DA:82,1
DA:86,1
DA:87,1
DA:88,1
DA:91,1
DA:92,1
DA:93,1
LF:53
LH:53
BRF:0
BRH:0
end_of_record
TN:
SF:src\config\development.ts
FNF:0
FNH:0
DA:1,3
DA:3,3
DA:4,3
DA:5,3
LF:4
LH:4
BRF:0
BRH:0
end_of_record
TN:
SF:src\config\testing.ts
FNF:0
FNH:0
DA:1,3
DA:3,3
DA:4,3
DA:5,3
LF:4
LH:4
BRF:0
BRH:0
end_of_record
TN:
SF:src\controllers\empControls.ts
FN:8,(anonymous_7)
FN:8,(anonymous_8)
FN:17,(anonymous_9)
FN:38,(anonymous_10)
FN:38,(anonymous_11)
FN:50,(anonymous_12)
FN:50,(anonymous_13)
FN:54,(anonymous_14)
FN:73,(anonymous_15)
FN:73,(anonymous_16)
FN:78,(anonymous_17)
FN:102,(anonymous_18)
FN:102,(anonymous_19)
FN:107,(anonymous_20)
FN:140,(anonymous_21)
FN:143,(anonymous_22)
FN:150,(anonymous_23)
FN:166,(anonymous_24)
FN:177,(anonymous_25)
FN:180,(anonymous_26)
FN:183,(anonymous_27)
FN:194,(anonymous_28)
FN:205,(anonymous_29)
FN:208,(anonymous_30)
FN:215,(anonymous_31)
FN:223,(anonymous_32)
FN:226,(anonymous_33)
FN:229,(anonymous_34)
FN:243,(anonymous_35)
FN:259,(anonymous_36)
FN:262,(anonymous_37)
FN:265,(anonymous_38)
FN:287,(anonymous_39)
FN:306,(anonymous_40)
FN:309,(anonymous_41)
FN:316,(anonymous_42)
FN:331,(anonymous_43)
FN:341,(anonymous_44)
FN:343,(anonymous_45)
FN:350,(anonymous_46)
FN:358,(anonymous_47)
FN:360,(anonymous_48)
FN:363,(anonymous_49)
FN:375,(anonymous_50)
FN:385,(anonymous_51)
FN:388,(anonymous_52)
FN:391,(anonymous_53)
FN:405,(anonymous_54)
FN:419,(anonymous_55)
FN:422,(anonymous_56)
FN:425,(anonymous_57)
FN:447,(anonymous_58)
FNF:52
FNH:52
FNDA:1,(anonymous_7)
FNDA:1,(anonymous_8)
FNDA:6,(anonymous_9)
FNDA:1,(anonymous_10)
FNDA:1,(anonymous_11)
FNDA:2,(anonymous_12)
FNDA:2,(anonymous_13)
FNDA:11,(anonymous_14)
FNDA:1,(anonymous_15)
FNDA:1,(anonymous_16)
FNDA:3,(anonymous_17)
FNDA:2,(anonymous_18)
FNDA:2,(anonymous_19)
FNDA:8,(anonymous_20)
FNDA:1,(anonymous_21)
FNDA:1,(anonymous_22)
FNDA:6,(anonymous_23)
FNDA:1,(anonymous_24)
FNDA:2,(anonymous_25)
FNDA:2,(anonymous_26)
FNDA:11,(anonymous_27)
FNDA:1,(anonymous_28)
FNDA:1,(anonymous_29)
FNDA:1,(anonymous_30)
FNDA:1,(anonymous_31)
FNDA:1,(anonymous_32)
FNDA:1,(anonymous_33)
FNDA:3,(anonymous_34)
FNDA:1,(anonymous_35)
FNDA:2,(anonymous_36)
FNDA:2,(anonymous_37)
FNDA:8,(anonymous_38)
FNDA:1,(anonymous_39)
FNDA:1,(anonymous_40)
FNDA:1,(anonymous_41)
FNDA:6,(anonymous_42)
FNDA:1,(anonymous_43)
FNDA:1,(anonymous_44)
FNDA:1,(anonymous_45)
FNDA:1,(anonymous_46)
FNDA:2,(anonymous_47)
FNDA:2,(anonymous_48)
FNDA:11,(anonymous_49)
FNDA:1,(anonymous_50)
FNDA:1,(anonymous_51)
FNDA:1,(anonymous_52)
FNDA:3,(anonymous_53)
FNDA:1,(anonymous_54)
FNDA:2,(anonymous_55)
FNDA:2,(anonymous_56)
FNDA:8,(anonymous_57)
FNDA:1,(anonymous_58)
DA:3,3
DA:8,3
DA:10,1
DA:11,1
DA:13,1
DA:14,1
DA:17,1
DA:18,6
DA:19,0
DA:23,1
DA:25,1
DA:27,1
DA:30,0
DA:31,0
DA:38,3
DA:39,1
DA:40,1
DA:41,1
DA:43,0
DA:44,0
DA:50,3
DA:51,2
DA:52,2
DA:53,2
DA:54,11
DA:56,2
DA:57,1
DA:60,1
DA:61,0
DA:64,1
DA:67,0
DA:68,0
DA:73,3
DA:75,1
DA:76,1
DA:77,1
DA:78,3
DA:80,1
DA:81,1
DA:82,1
DA:83,1
DA:86,1
DA:88,1
DA:89,1
DA:93,0
DA:94,0
DA:102,3
DA:103,2
DA:105,2
DA:106,2
DA:107,8
DA:109,2
DA:110,1
DA:113,1
DA:114,0
DA:117,1
DA:118,1
DA:120,1
DA:122,1
DA:124,1
DA:125,1
DA:129,0
DA:130,0
DA:140,3
DA:142,1
DA:143,1
DA:144,1
DA:146,1
DA:147,1
DA:150,1
DA:151,6
DA:152,0
DA:156,1
DA:158,1
DA:160,1
DA:161,1
DA:163,0
DA:166,1
DA:170,0
DA:171,0
DA:177,3
DA:179,2
DA:180,2
DA:181,2
DA:182,2
DA:183,11
DA:185,2
DA:186,1
DA:188,1
DA:189,0
DA:192,1
DA:194,1
DA:197,0
DA:198,0
DA:205,3
DA:207,1
DA:208,1
DA:209,1
DA:210,1
DA:211,1
DA:213,0
DA:215,1
DA:217,0
DA:218,0
DA:223,3
DA:225,1
DA:226,1
DA:227,1
DA:228,1
DA:229,3
DA:231,1
DA:232,1
DA:233,1
DA:234,1
DA:236,1
DA:238,1
DA:239,1
DA:241,0
DA:244,1
DA:245,1
DA:246,1
DA:251,0
DA:252,0
DA:259,3
DA:260,2
DA:262,2
DA:263,2
DA:264,2
DA:265,8
DA:267,2
DA:268,1
DA:271,1
DA:272,0
DA:275,1
DA:276,1
DA:278,1
DA:280,1
DA:282,1
DA:283,1
DA:285,0
DA:288,1
DA:289,1
DA:290,1
DA:294,0
DA:295,0
DA:306,3
DA:308,1
DA:309,1
DA:310,1
DA:312,1
DA:313,1
DA:316,1
DA:317,6
DA:318,0
DA:322,1
DA:324,1
DA:325,1
DA:326,1
DA:328,0
DA:331,1
DA:334,0
DA:335,0
DA:341,3
DA:342,1
DA:343,1
DA:344,1
DA:345,1
DA:346,1
DA:348,0
DA:350,1
DA:352,0
DA:353,0
DA:358,3
DA:359,2
DA:360,2
DA:361,2
DA:362,2
DA:363,11
DA:365,2
DA:366,1
DA:369,1
DA:370,0
DA:373,1
DA:375,1
DA:378,0
DA:379,0
DA:385,3
DA:387,1
DA:388,1
DA:389,1
DA:390,1
DA:391,3
DA:393,1
DA:394,1
DA:395,1
DA:396,1
DA:398,1
DA:400,1
DA:401,1
DA:403,0
DA:406,1
DA:407,1
DA:408,1
DA:412,0
DA:413,0
DA:419,3
DA:420,2
DA:422,2
DA:423,2
DA:424,2
DA:425,8
DA:427,2
DA:428,1
DA:431,1
DA:432,0
DA:435,1
DA:436,1
DA:438,1
DA:440,1
DA:442,1
DA:443,1
DA:445,0
DA:448,1
DA:449,1
DA:450,1
DA:454,0
DA:455,0
LF:227
LH:180
BRDA:18,0,0,0
BRDA:56,1,0,1
BRDA:60,2,0,0
BRDA:109,3,0,1
BRDA:113,4,0,0
BRDA:151,5,0,0
BRDA:160,6,0,1
BRDA:160,6,1,0
BRDA:185,7,0,1
BRDA:188,8,0,0
BRDA:210,9,0,1
BRDA:210,9,1,0
BRDA:238,10,0,1
BRDA:238,10,1,0
BRDA:267,11,0,1
BRDA:271,12,0,0
BRDA:282,13,0,1
BRDA:282,13,1,0
BRDA:317,14,0,0
BRDA:325,15,0,1
BRDA:325,15,1,0
BRDA:345,16,0,1
BRDA:345,16,1,0
BRDA:365,17,0,1
BRDA:369,18,0,0
BRDA:400,19,0,1
BRDA:400,19,1,0
BRDA:427,20,0,1
BRDA:431,21,0,0
BRDA:442,22,0,1
BRDA:442,22,1,0
BRF:31
BRH:14
end_of_record
TN:
SF:src\middleware\DBlayer.ts
FN:19,readDB
FN:23,writeDB
FN:24,(anonymous_15)
FN:24,(anonymous_16)
FN:31,readProf
FN:35,writeProf
FN:36,(anonymous_19)
FN:36,(anonymous_20)
FN:43,readPersonal
FN:47,writePersonal
FN:48,(anonymous_23)
FN:48,(anonymous_24)
FNF:12
FNH:12
FNDA:34,readDB
FNDA:3,writeDB
FNDA:3,(anonymous_15)
FNDA:3,(anonymous_16)
FNDA:29,readProf
FNDA:3,writeProf
FNDA:3,(anonymous_19)
FNDA:3,(anonymous_20)
FNDA:29,readPersonal
FNDA:3,writePersonal
FNDA:3,(anonymous_23)
FNDA:3,(anonymous_24)
DA:1,3
DA:2,3
DA:3,3
DA:6,3
DA:7,3
DA:8,3
DA:9,3
DA:11,3
DA:12,3
DA:13,3
DA:14,3
DA:19,3
DA:20,34
DA:23,3
DA:24,3
DA:25,3
DA:26,3
DA:31,3
DA:32,29
DA:35,3
DA:36,3
DA:37,3
DA:38,3
DA:43,3
DA:44,29
DA:47,3
DA:48,3
DA:49,3
DA:50,3
LF:29
LH:29
BRDA:6,0,0,3
BRDA:11,1,0,3
BRDA:25,2,0,0
BRDA:37,3,0,0
BRDA:49,4,0,0
BRF:5
BRH:2
end_of_record
TN:
SF:src\middleware\createValidation.ts
FN:8,(anonymous_7)
FN:8,(anonymous_8)
FN:22,(anonymous_9)
FN:93,(anonymous_10)
FN:93,(anonymous_11)
FN:98,(anonymous_12)
FN:145,(anonymous_13)
FN:145,(anonymous_14)
FN:149,(anonymous_15)
FNF:9
FNH:9
FNDA:15,(anonymous_7)
FNDA:15,(anonymous_8)
FNDA:102,(anonymous_9)
FNDA:13,(anonymous_10)
FNDA:13,(anonymous_11)
FNDA:86,(anonymous_12)
FNDA:12,(anonymous_13)
FNDA:12,(anonymous_14)
FNDA:79,(anonymous_15)
DA:4,3
DA:8,15
DA:9,15
DA:10,15
DA:20,15
DA:21,15
DA:22,102
DA:26,15
DA:27,1
DA:30,14
DA:31,1
DA:32,1
DA:34,13
DA:36,1
DA:38,12
DA:39,1
DA:40,1
DA:43,13
DA:44,2
DA:45,2
DA:46,11
DA:47,1
DA:48,1
DA:51,13
DA:52,2
DA:53,2
DA:57,13
DA:58,2
DA:59,2
DA:60,11
DA:61,1
DA:62,1
DA:65,13
DA:66,4
DA:67,4
DA:70,13
DA:71,2
DA:72,2
DA:73,11
DA:74,1
DA:75,1
DA:77,13
DA:78,2
DA:79,2
DA:80,11
DA:81,1
DA:82,1
DA:85,13
DA:86,12
DA:88,1
DA:93,13
DA:95,13
DA:96,13
DA:98,86
DA:101,13
DA:102,1
DA:105,12
DA:106,1
DA:107,11
DA:109,1
DA:111,10
DA:112,1
DA:115,9
DA:116,1
DA:118,8
DA:119,2
DA:122,6
DA:123,1
DA:125,5
DA:126,1
DA:129,4
DA:130,1
DA:132,3
DA:133,1
DA:136,2
DA:137,1
DA:139,1
DA:140,0
DA:142,1
DA:145,12
DA:146,12
DA:147,12
DA:149,79
DA:152,12
DA:153,1
DA:156,11
DA:157,1
DA:159,10
DA:160,1
DA:162,9
DA:163,1
DA:166,8
DA:167,8
DA:168,1
DA:169,7
DA:170,0
DA:171,7
DA:172,1
DA:175,6
DA:176,1
DA:178,5
DA:179,1
DA:181,4
DA:182,1
DA:183,3
DA:184,1
DA:185,2
DA:186,1
DA:189,1
LF:109
LH:107
BRDA:26,0,0,1
BRDA:30,1,0,1
BRDA:30,1,1,13
BRDA:34,2,0,1
BRDA:34,2,1,12
BRDA:38,3,0,1
BRDA:43,4,0,2
BRDA:43,4,1,11
BRDA:46,5,0,1
BRDA:51,6,0,2
BRDA:57,7,0,2
BRDA:57,7,1,11
BRDA:60,8,0,1
BRDA:65,9,0,4
BRDA:70,10,0,2
BRDA:70,10,1,11
BRDA:73,11,0,1
BRDA:77,12,0,2
BRDA:77,12,1,11
BRDA:80,13,0,1
BRDA:85,14,0,12
BRDA:85,14,1,1
BRDA:101,15,0,1
BRDA:105,16,0,1
BRDA:105,16,1,11
BRDA:107,17,0,1
BRDA:107,17,1,10
BRDA:111,18,0,1
BRDA:115,19,0,1
BRDA:115,19,1,8
BRDA:118,20,0,2
BRDA:122,21,0,1
BRDA:122,21,1,5
BRDA:125,22,0,1
BRDA:129,23,0,1
BRDA:129,23,1,3
BRDA:132,24,0,1
BRDA:136,25,0,1
BRDA:136,25,1,1
BRDA:139,26,0,0
BRDA:152,27,0,1
BRDA:156,28,0,1
BRDA:156,28,1,10
BRDA:159,29,0,1
BRDA:159,29,1,9
BRDA:162,30,0,1
BRDA:167,31,0,1
BRDA:167,31,1,7
BRDA:169,32,0,0
BRDA:169,32,1,7
BRDA:171,33,0,1
BRDA:175,34,0,1
BRDA:175,34,1,5
BRDA:178,35,0,1
BRDA:181,36,0,1
BRDA:181,36,1,3
BRDA:183,37,0,1
BRDA:183,37,1,2
BRDA:185,38,0,1
BRF:59
BRH:57
end_of_record
TN:
SF:src\middleware\updateValidation.ts
FN:7,(anonymous_0)
FN:13,(anonymous_1)
FN:45,(anonymous_2)
FN:51,(anonymous_3)
FN:85,(anonymous_4)
FN:91,(anonymous_5)
FNF:6
FNH:6
FNDA:8,(anonymous_0)
FNDA:28,(anonymous_1)
FNDA:8,(anonymous_2)
FNDA:28,(anonymous_3)
FNDA:9,(anonymous_4)
FNDA:31,(anonymous_5)
DA:2,3
DA:4,3
DA:7,3
DA:8,8
DA:9,8
DA:11,8
DA:12,8
DA:13,28
DA:15,8
DA:16,1
DA:19,7
DA:20,1
DA:22,6
DA:23,1
DA:26,5
DA:27,1
DA:30,4
DA:31,1
DA:34,3
DA:35,1
DA:38,2
DA:39,1
DA:41,1
DA:45,3
DA:46,8
DA:47,8
DA:49,8
DA:50,8
DA:51,28
DA:53,8
DA:54,1
DA:57,7
DA:58,1
DA:61,6
DA:62,1
DA:66,5
DA:67,1
DA:70,4
DA:71,1
DA:74,3
DA:75,1
DA:78,2
DA:79,1
DA:81,1
DA:85,3
DA:86,9
DA:87,9
DA:89,9
DA:90,9
DA:91,31
DA:93,9
DA:94,1
DA:97,8
DA:98,1
DA:101,7
DA:102,1
DA:105,6
DA:107,6
DA:108,1
DA:109,5
DA:110,1
DA:113,4
DA:114,1
DA:117,3
DA:118,1
DA:119,2
DA:120,1
DA:123,1
LF:68
LH:68
BRDA:15,0,0,1
BRDA:19,1,0,1
BRDA:22,2,0,1
BRDA:22,3,0,6
BRDA:22,3,1,1
BRDA:26,4,0,1
BRDA:26,5,0,5
BRDA:26,5,1,1
BRDA:30,6,0,1
BRDA:30,7,0,4
BRDA:30,7,1,2
BRDA:34,8,0,1
BRDA:34,9,0,3
BRDA:34,9,1,2
BRDA:38,10,0,1
BRDA:38,11,0,2
BRDA:38,11,1,2
BRDA:53,12,0,1
BRDA:57,13,0,1
BRDA:61,14,0,1
BRDA:61,15,0,6
BRDA:61,15,1,1
BRDA:66,16,0,1
BRDA:66,17,0,5
BRDA:66,17,1,2
BRDA:70,18,0,1
BRDA:70,19,0,4
BRDA:70,19,1,1
BRDA:74,20,0,1
BRDA:74,21,0,3
BRDA:74,21,1,1
BRDA:78,22,0,1
BRDA:78,23,0,2
BRDA:78,23,1,1
BRDA:93,24,0,1
BRDA:97,25,0,1
BRDA:101,26,0,1
BRDA:101,27,0,7
BRDA:101,27,1,1
BRDA:107,28,0,1
BRDA:107,28,1,5
BRDA:107,29,0,6
BRDA:107,29,1,2
BRDA:109,30,0,1
BRDA:109,31,0,5
BRDA:109,31,1,1
BRDA:113,32,0,1
BRDA:113,33,0,4
BRDA:113,33,1,2
BRDA:117,34,0,1
BRDA:117,34,1,2
BRDA:117,35,0,3
BRDA:117,35,1,2
BRDA:119,36,0,1
BRDA:119,37,0,2
BRDA:119,37,1,1
BRF:56
BRH:56
end_of_record
TN:
SF:src\routes\erp-routes.ts
FNF:0
FNH:0
DA:1,3
DA:2,3
DA:3,3
DA:6,3
DA:7,3
DA:8,3
DA:9,3
DA:10,3
DA:11,3
DA:13,3
DA:14,3
DA:15,3
DA:16,3
DA:17,3
DA:18,3
DA:19,3
DA:20,3
DA:21,3
DA:22,3
DA:23,3
DA:24,3
DA:25,3
DA:26,3
DA:27,3
LF:24
LH:24
BRF:0
BRH:0
end_of_record
